24-11-13.17:53:34.727 [main            ] INFO  BehaviorRebateServiceTest - Starting BehaviorRebateServiceTest using Java 1.8.0_181 on yangzihesLaptop with PID 64104 (started by yangz in D:\jdk8\big-market-231202-xfg-init-project\big-market-app)
24-11-13.17:53:34.729 [main            ] INFO  BehaviorRebateServiceTest - The following 1 profile is active: "dev"
24-11-13.17:53:36.515 [main            ] INFO  RepositoryConfigurationDelegate - Multiple Spring Data modules found, entering strict repository configuration mode
24-11-13.17:53:36.519 [main            ] INFO  RepositoryConfigurationDelegate - Bootstrapping Spring Data Redis repositories in DEFAULT mode.
24-11-13.17:53:36.618 [main            ] INFO  RepositoryConfigurationDelegate - Finished Spring Data repository scanning in 84 ms. Found 0 Redis repository interfaces.
24-11-13.17:53:39.383 [main            ] INFO  Version                - Redisson 3.26.0
24-11-13.17:53:40.697 [redisson-netty-1-4] INFO  ConnectionsHolder      - 1 connections initialized for 127.0.0.1/127.0.0.1:16379
24-11-13.17:53:40.719 [redisson-netty-1-13] INFO  ConnectionsHolder      - 5 connections initialized for 127.0.0.1/127.0.0.1:16379
24-11-13.17:53:45.998 [main            ] INFO  EndpointLinksResolver  - Exposing 1 endpoint(s) beneath base path '/actuator'
24-11-13.17:53:46.113 [main            ] INFO  CachingConnectionFactory - Attempting to connect to: [127.0.0.1:5672]
24-11-13.17:53:46.196 [main            ] INFO  CachingConnectionFactory - Created new connection: rabbitConnectionFactory#9d99851:0/SimpleConnection@4148ce43 [delegate=amqp://admin@127.0.0.1:5672/, localPort= 54510]
24-11-13.17:53:46.315 [main            ] INFO  BehaviorRebateServiceTest - Started BehaviorRebateServiceTest in 12.053 seconds (JVM running for 13.103)
24-11-13.17:53:46.512 [main            ] ERROR TestContextManager     - Caught exception while allowing TestExecutionListener [org.springframework.boot.test.autoconfigure.SpringBootDependencyInjectionTestExecutionListener@6db9f5a4] to prepare test instance [cn.bugstack.test.domain.rebate.BehaviorRebateServiceTest@6a7aa675]
org.springframework.beans.factory.BeanCreationException: Error creating bean with name 'cn.bugstack.test.domain.rebate.BehaviorRebateServiceTest': Injection of resource dependencies failed; nested exception is org.springframework.beans.factory.NoSuchBeanDefinitionException: No qualifying bean of type 'cn.bugstack.domain.rebate.service.IBehaviorRebateService' available: expected at least 1 bean which qualifies as autowire candidate. Dependency annotations: {@javax.annotation.Resource(shareable=true, lookup=, name=, description=, authenticationType=CONTAINER, type=class java.lang.Object, mappedName=)}
	at org.springframework.context.annotation.CommonAnnotationBeanPostProcessor.postProcessProperties(CommonAnnotationBeanPostProcessor.java:332)
	at org.springframework.beans.factory.support.AbstractAutowireCapableBeanFactory.populateBean(AbstractAutowireCapableBeanFactory.java:1431)
	at org.springframework.beans.factory.support.AbstractAutowireCapableBeanFactory.autowireBeanProperties(AbstractAutowireCapableBeanFactory.java:417)
	at org.springframework.test.context.support.DependencyInjectionTestExecutionListener.injectDependencies(DependencyInjectionTestExecutionListener.java:119)
	at org.springframework.test.context.support.DependencyInjectionTestExecutionListener.prepareTestInstance(DependencyInjectionTestExecutionListener.java:83)
	at org.springframework.boot.test.autoconfigure.SpringBootDependencyInjectionTestExecutionListener.prepareTestInstance(SpringBootDependencyInjectionTestExecutionListener.java:43)
	at org.springframework.test.context.TestContextManager.prepareTestInstance(TestContextManager.java:248)
	at org.springframework.test.context.junit4.SpringJUnit4ClassRunner.createTest(SpringJUnit4ClassRunner.java:227)
	at org.springframework.test.context.junit4.SpringJUnit4ClassRunner$1.runReflectiveCall(SpringJUnit4ClassRunner.java:289)
	at org.junit.internal.runners.model.ReflectiveCallable.run(ReflectiveCallable.java:12)
	at org.springframework.test.context.junit4.SpringJUnit4ClassRunner.methodBlock(SpringJUnit4ClassRunner.java:291)
	at org.springframework.test.context.junit4.SpringJUnit4ClassRunner.runChild(SpringJUnit4ClassRunner.java:246)
	at org.springframework.test.context.junit4.SpringJUnit4ClassRunner.runChild(SpringJUnit4ClassRunner.java:97)
	at org.junit.runners.ParentRunner$4.run(ParentRunner.java:331)
	at org.junit.runners.ParentRunner$1.schedule(ParentRunner.java:79)
	at org.junit.runners.ParentRunner.runChildren(ParentRunner.java:329)
	at org.junit.runners.ParentRunner.access$100(ParentRunner.java:66)
	at org.junit.runners.ParentRunner$2.evaluate(ParentRunner.java:293)
	at org.springframework.test.context.junit4.statements.RunBeforeTestClassCallbacks.evaluate(RunBeforeTestClassCallbacks.java:61)
	at org.springframework.test.context.junit4.statements.RunAfterTestClassCallbacks.evaluate(RunAfterTestClassCallbacks.java:70)
	at org.junit.runners.ParentRunner$3.evaluate(ParentRunner.java:306)
	at org.junit.runners.ParentRunner.run(ParentRunner.java:413)
	at org.springframework.test.context.junit4.SpringJUnit4ClassRunner.run(SpringJUnit4ClassRunner.java:190)
	at org.junit.runner.JUnitCore.run(JUnitCore.java:137)
	at com.intellij.junit4.JUnit4IdeaTestRunner.startRunnerWithArgs(JUnit4IdeaTestRunner.java:69)
	at com.intellij.rt.junit.IdeaTestRunner$Repeater$1.execute(IdeaTestRunner.java:38)
	at com.intellij.rt.execution.junit.TestsRepeater.repeat(TestsRepeater.java:11)
	at com.intellij.rt.junit.IdeaTestRunner$Repeater.startRunnerWithArgs(IdeaTestRunner.java:35)
	at com.intellij.rt.junit.JUnitStarter.prepareStreamsAndStart(JUnitStarter.java:235)
	at com.intellij.rt.junit.JUnitStarter.main(JUnitStarter.java:54)
Caused by: org.springframework.beans.factory.NoSuchBeanDefinitionException: No qualifying bean of type 'cn.bugstack.domain.rebate.service.IBehaviorRebateService' available: expected at least 1 bean which qualifies as autowire candidate. Dependency annotations: {@javax.annotation.Resource(shareable=true, lookup=, name=, description=, authenticationType=CONTAINER, type=class java.lang.Object, mappedName=)}
	at org.springframework.beans.factory.support.DefaultListableBeanFactory.raiseNoMatchingBeanFound(DefaultListableBeanFactory.java:1801)
	at org.springframework.beans.factory.support.DefaultListableBeanFactory.doResolveDependency(DefaultListableBeanFactory.java:1357)
	at org.springframework.beans.factory.support.DefaultListableBeanFactory.resolveDependency(DefaultListableBeanFactory.java:1311)
	at org.springframework.context.annotation.CommonAnnotationBeanPostProcessor.autowireResource(CommonAnnotationBeanPostProcessor.java:544)
	at org.springframework.context.annotation.CommonAnnotationBeanPostProcessor.getResource(CommonAnnotationBeanPostProcessor.java:520)
	at org.springframework.context.annotation.CommonAnnotationBeanPostProcessor$ResourceElement.getResourceToInject(CommonAnnotationBeanPostProcessor.java:673)
	at org.springframework.beans.factory.annotation.InjectionMetadata$InjectedElement.inject(InjectionMetadata.java:228)
	at org.springframework.beans.factory.annotation.InjectionMetadata.inject(InjectionMetadata.java:119)
	at org.springframework.context.annotation.CommonAnnotationBeanPostProcessor.postProcessProperties(CommonAnnotationBeanPostProcessor.java:329)
	... 29 common frames omitted
24-11-13.17:53:46.559 [org.springframework.amqp.rabbit.RabbitListenerEndpointContainer#0-2] INFO  SimpleMessageListenerContainer - Waiting for workers to finish.
24-11-13.17:53:46.564 [org.springframework.amqp.rabbit.RabbitListenerEndpointContainer#1-2] INFO  SimpleMessageListenerContainer - Waiting for workers to finish.
24-11-13.17:53:47.294 [org.springframework.amqp.rabbit.RabbitListenerEndpointContainer#0-2] INFO  SimpleMessageListenerContainer - Successfully waited for workers to finish.
24-11-13.17:53:47.307 [org.springframework.amqp.rabbit.RabbitListenerEndpointContainer#1-2] INFO  SimpleMessageListenerContainer - Successfully waited for workers to finish.
24-11-13.17:53:47.309 [SpringApplicationShutdownHook] INFO  SimpleMessageListenerContainer - Shutdown ignored - container is already stopped
24-11-13.17:53:47.310 [SpringApplicationShutdownHook] INFO  SimpleMessageListenerContainer - Shutdown ignored - container is already stopped
24-11-13.17:54:49.961 [main            ] INFO  BehaviorRebateServiceTest - Starting BehaviorRebateServiceTest using Java 1.8.0_181 on yangzihesLaptop with PID 20400 (started by yangz in D:\jdk8\big-market-231202-xfg-init-project\big-market-app)
24-11-13.17:54:49.962 [main            ] INFO  BehaviorRebateServiceTest - The following 1 profile is active: "dev"
24-11-13.17:54:51.521 [main            ] INFO  RepositoryConfigurationDelegate - Multiple Spring Data modules found, entering strict repository configuration mode
24-11-13.17:54:51.524 [main            ] INFO  RepositoryConfigurationDelegate - Bootstrapping Spring Data Redis repositories in DEFAULT mode.
24-11-13.17:54:51.697 [main            ] INFO  RepositoryConfigurationDelegate - Finished Spring Data repository scanning in 153 ms. Found 0 Redis repository interfaces.
24-11-13.17:54:55.060 [main            ] INFO  Version                - Redisson 3.26.0
24-11-13.17:54:56.818 [redisson-netty-1-4] INFO  ConnectionsHolder      - 1 connections initialized for 127.0.0.1/127.0.0.1:16379
24-11-13.17:54:56.843 [redisson-netty-1-13] INFO  ConnectionsHolder      - 5 connections initialized for 127.0.0.1/127.0.0.1:16379
24-11-13.17:55:04.281 [main            ] INFO  EndpointLinksResolver  - Exposing 1 endpoint(s) beneath base path '/actuator'
24-11-13.17:55:04.426 [main            ] INFO  CachingConnectionFactory - Attempting to connect to: [127.0.0.1:5672]
24-11-13.17:55:04.547 [main            ] INFO  CachingConnectionFactory - Created new connection: rabbitConnectionFactory#35dcd032:0/SimpleConnection@d271a54 [delegate=amqp://admin@127.0.0.1:5672/, localPort= 54846]
24-11-13.17:55:04.678 [main            ] INFO  BehaviorRebateServiceTest - Started BehaviorRebateServiceTest in 15.331 seconds (JVM running for 16.304)
24-11-13.17:55:05.170 [main            ] INFO  HikariDataSource       - Retail_HikariCP - Starting...
24-11-13.17:55:05.557 [main            ] INFO  HikariDataSource       - Retail_HikariCP - Start completed.
24-11-13.17:55:05.676 [main            ] INFO  HikariDataSource       - Retail_HikariCP - Starting...
24-11-13.17:55:05.715 [main            ] INFO  HikariDataSource       - Retail_HikariCP - Start completed.
24-11-13.17:55:05.820 [main            ] ERROR BehaviorRebateRepository - 写入返利记录，唯一索引冲突 userId: xiaofuge
org.springframework.dao.DuplicateKeyException: 
### Error updating database.  Cause: java.sql.SQLIntegrityConstraintViolationException: Duplicate entry 'xiaofuge_sku_20240430' for key 'user_behavior_rebate_order_001.uq_biz_id'
### The error may exist in file [D:\jdk8\big-market-231202-xfg-init-project\big-market-app\target\classes\mybatis\mapper\user_behavior_rebate_order_mapper.xml]
### The error may involve cn.bugstack.infrastructure.persistent.dao.IUserBehaviorRebateOrderDao.insert-Inline
### The error occurred while setting parameters
### SQL: insert into user_behavior_rebate_order_001(         user_id,order_id,behavior_type,rebate_desc,rebate_type,rebate_config,biz_id,create_time,update_time         )values (                  ?,?,?,?,?,?,?,now(),now()                 )
### Cause: java.sql.SQLIntegrityConstraintViolationException: Duplicate entry 'xiaofuge_sku_20240430' for key 'user_behavior_rebate_order_001.uq_biz_id'
; Duplicate entry 'xiaofuge_sku_20240430' for key 'user_behavior_rebate_order_001.uq_biz_id'; nested exception is java.sql.SQLIntegrityConstraintViolationException: Duplicate entry 'xiaofuge_sku_20240430' for key 'user_behavior_rebate_order_001.uq_biz_id'
	at org.springframework.jdbc.support.SQLErrorCodeSQLExceptionTranslator.doTranslate(SQLErrorCodeSQLExceptionTranslator.java:247)
	at org.springframework.jdbc.support.AbstractFallbackSQLExceptionTranslator.translate(AbstractFallbackSQLExceptionTranslator.java:70)
	at org.mybatis.spring.MyBatisExceptionTranslator.translateExceptionIfPossible(MyBatisExceptionTranslator.java:91)
	at org.mybatis.spring.SqlSessionTemplate$SqlSessionInterceptor.invoke(SqlSessionTemplate.java:441)
	at com.sun.proxy.$Proxy109.insert(Unknown Source)
	at org.mybatis.spring.SqlSessionTemplate.insert(SqlSessionTemplate.java:272)
	at org.apache.ibatis.binding.MapperMethod.execute(MapperMethod.java:62)
	at org.apache.ibatis.binding.MapperProxy$PlainMethodInvoker.invoke(MapperProxy.java:152)
	at org.apache.ibatis.binding.MapperProxy.invoke(MapperProxy.java:85)
	at com.sun.proxy.$Proxy145.insert(Unknown Source)
	at cn.bugstack.infrastructure.persistent.repository.BehaviorRebateRepository.lambda$saveUserRebateRecord$0(BehaviorRebateRepository.java:80)
	at org.springframework.transaction.support.TransactionTemplate.execute(TransactionTemplate.java:140)
	at cn.bugstack.infrastructure.persistent.repository.BehaviorRebateRepository.saveUserRebateRecord(BehaviorRebateRepository.java:68)
	at cn.bugstack.domain.rebate.service.BehaviorRebateService.createOrder(BehaviorRebateService.java:79)
	at cn.bugstack.test.domain.rebate.BehaviorRebateServiceTest.test_createOrder(BehaviorRebateServiceTest.java:37)
	at sun.reflect.NativeMethodAccessorImpl.invoke0(Native Method)
	at sun.reflect.NativeMethodAccessorImpl.invoke(NativeMethodAccessorImpl.java:62)
	at sun.reflect.DelegatingMethodAccessorImpl.invoke(DelegatingMethodAccessorImpl.java:43)
	at java.lang.reflect.Method.invoke(Method.java:498)
	at org.junit.runners.model.FrameworkMethod$1.runReflectiveCall(FrameworkMethod.java:59)
	at org.junit.internal.runners.model.ReflectiveCallable.run(ReflectiveCallable.java:12)
	at org.junit.runners.model.FrameworkMethod.invokeExplosively(FrameworkMethod.java:56)
	at org.junit.internal.runners.statements.InvokeMethod.evaluate(InvokeMethod.java:17)
	at org.springframework.test.context.junit4.statements.RunBeforeTestExecutionCallbacks.evaluate(RunBeforeTestExecutionCallbacks.java:74)
	at org.springframework.test.context.junit4.statements.RunAfterTestExecutionCallbacks.evaluate(RunAfterTestExecutionCallbacks.java:84)
	at org.springframework.test.context.junit4.statements.RunBeforeTestMethodCallbacks.evaluate(RunBeforeTestMethodCallbacks.java:75)
	at org.springframework.test.context.junit4.statements.RunAfterTestMethodCallbacks.evaluate(RunAfterTestMethodCallbacks.java:86)
	at org.springframework.test.context.junit4.statements.SpringRepeat.evaluate(SpringRepeat.java:84)
	at org.junit.runners.ParentRunner.runLeaf(ParentRunner.java:366)
	at org.springframework.test.context.junit4.SpringJUnit4ClassRunner.runChild(SpringJUnit4ClassRunner.java:251)
	at org.springframework.test.context.junit4.SpringJUnit4ClassRunner.runChild(SpringJUnit4ClassRunner.java:97)
	at org.junit.runners.ParentRunner$4.run(ParentRunner.java:331)
	at org.junit.runners.ParentRunner$1.schedule(ParentRunner.java:79)
	at org.junit.runners.ParentRunner.runChildren(ParentRunner.java:329)
	at org.junit.runners.ParentRunner.access$100(ParentRunner.java:66)
	at org.junit.runners.ParentRunner$2.evaluate(ParentRunner.java:293)
	at org.springframework.test.context.junit4.statements.RunBeforeTestClassCallbacks.evaluate(RunBeforeTestClassCallbacks.java:61)
	at org.springframework.test.context.junit4.statements.RunAfterTestClassCallbacks.evaluate(RunAfterTestClassCallbacks.java:70)
	at org.junit.runners.ParentRunner$3.evaluate(ParentRunner.java:306)
	at org.junit.runners.ParentRunner.run(ParentRunner.java:413)
	at org.springframework.test.context.junit4.SpringJUnit4ClassRunner.run(SpringJUnit4ClassRunner.java:190)
	at org.junit.runner.JUnitCore.run(JUnitCore.java:137)
	at com.intellij.junit4.JUnit4IdeaTestRunner.startRunnerWithArgs(JUnit4IdeaTestRunner.java:69)
	at com.intellij.rt.junit.IdeaTestRunner$Repeater$1.execute(IdeaTestRunner.java:38)
	at com.intellij.rt.execution.junit.TestsRepeater.repeat(TestsRepeater.java:11)
	at com.intellij.rt.junit.IdeaTestRunner$Repeater.startRunnerWithArgs(IdeaTestRunner.java:35)
	at com.intellij.rt.junit.JUnitStarter.prepareStreamsAndStart(JUnitStarter.java:235)
	at com.intellij.rt.junit.JUnitStarter.main(JUnitStarter.java:54)
Caused by: java.sql.SQLIntegrityConstraintViolationException: Duplicate entry 'xiaofuge_sku_20240430' for key 'user_behavior_rebate_order_001.uq_biz_id'
	at com.mysql.cj.jdbc.exceptions.SQLError.createSQLException(SQLError.java:117)
	at com.mysql.cj.jdbc.exceptions.SQLError.createSQLException(SQLError.java:97)
	at com.mysql.cj.jdbc.exceptions.SQLExceptionsMapping.translateException(SQLExceptionsMapping.java:122)
	at com.mysql.cj.jdbc.ClientPreparedStatement.executeInternal(ClientPreparedStatement.java:953)
	at com.mysql.cj.jdbc.ClientPreparedStatement.execute(ClientPreparedStatement.java:370)
	at com.zaxxer.hikari.pool.ProxyPreparedStatement.execute(ProxyPreparedStatement.java:44)
	at com.zaxxer.hikari.pool.HikariProxyPreparedStatement.execute(HikariProxyPreparedStatement.java)
	at org.apache.ibatis.executor.statement.PreparedStatementHandler.update(PreparedStatementHandler.java:47)
	at org.apache.ibatis.executor.statement.RoutingStatementHandler.update(RoutingStatementHandler.java:74)
	at sun.reflect.NativeMethodAccessorImpl.invoke0(Native Method)
	at sun.reflect.NativeMethodAccessorImpl.invoke(NativeMethodAccessorImpl.java:62)
	at sun.reflect.DelegatingMethodAccessorImpl.invoke(DelegatingMethodAccessorImpl.java:43)
	at java.lang.reflect.Method.invoke(Method.java:498)
	at org.apache.ibatis.plugin.Plugin.invoke(Plugin.java:63)
	at com.sun.proxy.$Proxy203.update(Unknown Source)
	at org.apache.ibatis.executor.SimpleExecutor.doUpdate(SimpleExecutor.java:50)
	at org.apache.ibatis.executor.BaseExecutor.update(BaseExecutor.java:117)
	at org.apache.ibatis.executor.CachingExecutor.update(CachingExecutor.java:76)
	at org.apache.ibatis.session.defaults.DefaultSqlSession.update(DefaultSqlSession.java:197)
	at org.apache.ibatis.session.defaults.DefaultSqlSession.insert(DefaultSqlSession.java:184)
	at sun.reflect.NativeMethodAccessorImpl.invoke0(Native Method)
	at sun.reflect.NativeMethodAccessorImpl.invoke(NativeMethodAccessorImpl.java:62)
	at sun.reflect.DelegatingMethodAccessorImpl.invoke(DelegatingMethodAccessorImpl.java:43)
	at java.lang.reflect.Method.invoke(Method.java:498)
	at org.mybatis.spring.SqlSessionTemplate$SqlSessionInterceptor.invoke(SqlSessionTemplate.java:427)
	... 44 common frames omitted
24-11-13.17:55:05.897 [org.springframework.amqp.rabbit.RabbitListenerEndpointContainer#0-2] INFO  SimpleMessageListenerContainer - Waiting for workers to finish.
24-11-13.17:55:05.899 [org.springframework.amqp.rabbit.RabbitListenerEndpointContainer#1-2] INFO  SimpleMessageListenerContainer - Waiting for workers to finish.
24-11-13.17:55:06.676 [org.springframework.amqp.rabbit.RabbitListenerEndpointContainer#0-2] INFO  SimpleMessageListenerContainer - Successfully waited for workers to finish.
24-11-13.17:55:06.689 [org.springframework.amqp.rabbit.RabbitListenerEndpointContainer#1-2] INFO  SimpleMessageListenerContainer - Successfully waited for workers to finish.
24-11-13.17:55:06.693 [SpringApplicationShutdownHook] INFO  SimpleMessageListenerContainer - Shutdown ignored - container is already stopped
24-11-13.17:55:06.693 [SpringApplicationShutdownHook] INFO  SimpleMessageListenerContainer - Shutdown ignored - container is already stopped
24-11-13.17:55:40.826 [main            ] INFO  BehaviorRebateServiceTest - Starting BehaviorRebateServiceTest using Java 1.8.0_181 on yangzihesLaptop with PID 7372 (started by yangz in D:\jdk8\big-market-231202-xfg-init-project\big-market-app)
24-11-13.17:55:40.829 [main            ] INFO  BehaviorRebateServiceTest - The following 1 profile is active: "dev"
24-11-13.17:55:42.660 [main            ] INFO  RepositoryConfigurationDelegate - Multiple Spring Data modules found, entering strict repository configuration mode
24-11-13.17:55:42.664 [main            ] INFO  RepositoryConfigurationDelegate - Bootstrapping Spring Data Redis repositories in DEFAULT mode.
24-11-13.17:55:42.790 [main            ] INFO  RepositoryConfigurationDelegate - Finished Spring Data repository scanning in 85 ms. Found 0 Redis repository interfaces.
24-11-13.17:55:45.593 [main            ] INFO  Version                - Redisson 3.26.0
24-11-13.17:55:47.067 [redisson-netty-1-4] INFO  ConnectionsHolder      - 1 connections initialized for 127.0.0.1/127.0.0.1:16379
24-11-13.17:55:47.089 [redisson-netty-1-13] INFO  ConnectionsHolder      - 5 connections initialized for 127.0.0.1/127.0.0.1:16379
24-11-13.17:55:54.181 [main            ] INFO  EndpointLinksResolver  - Exposing 1 endpoint(s) beneath base path '/actuator'
24-11-13.17:55:54.280 [main            ] INFO  CachingConnectionFactory - Attempting to connect to: [127.0.0.1:5672]
24-11-13.17:55:54.362 [main            ] INFO  CachingConnectionFactory - Created new connection: rabbitConnectionFactory#762405bf:0/SimpleConnection@670c171c [delegate=amqp://admin@127.0.0.1:5672/, localPort= 55159]
24-11-13.17:55:54.465 [main            ] INFO  BehaviorRebateServiceTest - Started BehaviorRebateServiceTest in 14.262 seconds (JVM running for 15.376)
24-11-13.17:55:54.792 [main            ] INFO  HikariDataSource       - Retail_HikariCP - Starting...
24-11-13.17:55:55.116 [main            ] INFO  HikariDataSource       - Retail_HikariCP - Start completed.
24-11-13.17:55:55.189 [main            ] INFO  HikariDataSource       - Retail_HikariCP - Starting...
24-11-13.17:55:55.219 [main            ] INFO  HikariDataSource       - Retail_HikariCP - Start completed.
24-11-13.17:55:55.512 [main            ] INFO  EventPublisher         - 发送MQ消息 topic:send_rebate message:{"data":{"bizId":"xiaofuge_sku_20240431","rebateConfig":"9011","rebateDesc":"签到返利-sku额度","rebateType":"sign"},"id":"29561843563","timestamp":1731491755183}
24-11-13.17:55:55.543 [main            ] INFO  EventPublisher         - 发送MQ消息 topic:send_rebate message:{"data":{"bizId":"xiaofuge_integral_20240431","rebateConfig":"10","rebateDesc":"签到返利-积分","rebateType":"sign"},"id":"67436344372","timestamp":1731491755186}
24-11-13.17:55:55.565 [main            ] INFO  BehaviorRebateServiceTest - 请求参数：{"behaviorTypeVO":"SIGN","outBusinessNo":"20240431","userId":"xiaofuge"}
24-11-13.17:55:55.571 [main            ] INFO  BehaviorRebateServiceTest - 测试结果：["025831183609","555035092176"]
24-11-13.17:55:55.590 [org.springframework.amqp.rabbit.RabbitListenerEndpointContainer#0-2] INFO  SimpleMessageListenerContainer - Waiting for workers to finish.
24-11-13.17:55:55.592 [org.springframework.amqp.rabbit.RabbitListenerEndpointContainer#1-2] INFO  SimpleMessageListenerContainer - Waiting for workers to finish.
24-11-13.17:55:56.475 [org.springframework.amqp.rabbit.RabbitListenerEndpointContainer#1-2] INFO  SimpleMessageListenerContainer - Successfully waited for workers to finish.
24-11-13.17:55:56.475 [org.springframework.amqp.rabbit.RabbitListenerEndpointContainer#0-2] INFO  SimpleMessageListenerContainer - Successfully waited for workers to finish.
24-11-13.17:55:56.477 [SpringApplicationShutdownHook] INFO  SimpleMessageListenerContainer - Shutdown ignored - container is already stopped
24-11-13.17:55:56.478 [SpringApplicationShutdownHook] INFO  SimpleMessageListenerContainer - Shutdown ignored - container is already stopped
