24-11-19.08:44:18.755 [main            ] INFO  CreditAdjustServiceTest - Starting CreditAdjustServiceTest using Java 1.8.0_181 on yangzihesLaptop with PID 34776 (started by yangz in D:\jdk8\big-market-231202-xfg-init-project\big-market-app)
24-11-19.08:44:18.756 [main            ] INFO  CreditAdjustServiceTest - The following 1 profile is active: "dev"
24-11-19.08:44:20.106 [main            ] INFO  RepositoryConfigurationDelegate - Multiple Spring Data modules found, entering strict repository configuration mode
24-11-19.08:44:20.111 [main            ] INFO  RepositoryConfigurationDelegate - Bootstrapping Spring Data Redis repositories in DEFAULT mode.
24-11-19.08:44:20.200 [main            ] INFO  RepositoryConfigurationDelegate - Finished Spring Data repository scanning in 70 ms. Found 0 Redis repository interfaces.
24-11-19.08:44:22.500 [main            ] INFO  Version                - Redisson 3.26.0
24-11-19.08:44:23.947 [redisson-netty-1-4] INFO  ConnectionsHolder      - 1 connections initialized for 127.0.0.1/127.0.0.1:16379
24-11-19.08:44:23.967 [redisson-netty-1-13] INFO  ConnectionsHolder      - 5 connections initialized for 127.0.0.1/127.0.0.1:16379
24-11-19.08:44:31.564 [main            ] INFO  EndpointLinksResolver  - Exposing 1 endpoint(s) beneath base path '/actuator'
24-11-19.08:44:31.771 [main            ] INFO  CachingConnectionFactory - Attempting to connect to: [127.0.0.1:5672]
24-11-19.08:44:32.011 [main            ] INFO  CachingConnectionFactory - Created new connection: rabbitConnectionFactory#4afd65fd:0/SimpleConnection@12e3f4ae [delegate=amqp://admin@127.0.0.1:5672/, localPort= 59102]
24-11-19.08:44:32.193 [main            ] INFO  CreditAdjustServiceTest - Started CreditAdjustServiceTest in 14.175 seconds (JVM running for 16.289)
24-11-19.08:44:32.818 [main            ] INFO  CreditAdjustService    - 增加账户积分额度开始 userId:xiaofuge tradeName:REBATE amount:10.19
24-11-19.08:44:32.829 [main            ] INFO  HikariDataSource       - Retail_HikariCP - Starting...
24-11-19.08:44:33.308 [main            ] INFO  HikariDataSource       - Retail_HikariCP - Start completed.
24-11-19.08:44:33.763 [main            ] ERROR CreditRepository       - 调整账户积分额度失败 userId:xiaofuge orderId:616793839749
org.springframework.dao.DataIntegrityViolationException: 
### Error updating database.  Cause: java.sql.SQLIntegrityConstraintViolationException: Column 'out_business_no' cannot be null
### The error may exist in file [D:\jdk8\big-market-231202-xfg-init-project\big-market-app\target\classes\mybatis\mapper\user_credit_order_mapper.xml]
### The error may involve cn.bugstack.infrastructure.persistent.dao.IUserCreditOrderDao.insert-Inline
### The error occurred while setting parameters
### SQL: insert into user_credit_order_001(user_id, order_id, trade_name, trade_type, trade_amount, out_business_no, create_time, update_time)         values(         ?,?,?,?,?,?,now(),now()         )
### Cause: java.sql.SQLIntegrityConstraintViolationException: Column 'out_business_no' cannot be null
; Column 'out_business_no' cannot be null; nested exception is java.sql.SQLIntegrityConstraintViolationException: Column 'out_business_no' cannot be null
	at org.springframework.jdbc.support.SQLExceptionSubclassTranslator.doTranslate(SQLExceptionSubclassTranslator.java:87)
	at org.springframework.jdbc.support.AbstractFallbackSQLExceptionTranslator.translate(AbstractFallbackSQLExceptionTranslator.java:70)
	at org.springframework.jdbc.support.AbstractFallbackSQLExceptionTranslator.translate(AbstractFallbackSQLExceptionTranslator.java:79)
	at org.mybatis.spring.MyBatisExceptionTranslator.translateExceptionIfPossible(MyBatisExceptionTranslator.java:91)
	at org.mybatis.spring.SqlSessionTemplate$SqlSessionInterceptor.invoke(SqlSessionTemplate.java:441)
	at com.sun.proxy.$Proxy109.insert(Unknown Source)
	at org.mybatis.spring.SqlSessionTemplate.insert(SqlSessionTemplate.java:272)
	at org.apache.ibatis.binding.MapperMethod.execute(MapperMethod.java:62)
	at org.apache.ibatis.binding.MapperProxy$PlainMethodInvoker.invoke(MapperProxy.java:152)
	at org.apache.ibatis.binding.MapperProxy.invoke(MapperProxy.java:85)
	at com.sun.proxy.$Proxy149.insert(Unknown Source)
	at cn.bugstack.infrastructure.persistent.repository.CreditRepository.lambda$saveUserCreditTradeOrder$0(CreditRepository.java:68)
	at org.springframework.transaction.support.TransactionTemplate.execute(TransactionTemplate.java:140)
	at cn.bugstack.infrastructure.persistent.repository.CreditRepository.saveUserCreditTradeOrder(CreditRepository.java:59)
	at cn.bugstack.domain.credit.service.adjust.CreditAdjustService.createOrder(CreditAdjustService.java:37)
	at cn.bugstack.test.domain.credit.CreditAdjustServiceTest.test_createOrder_forward(CreditAdjustServiceTest.java:37)
	at sun.reflect.NativeMethodAccessorImpl.invoke0(Native Method)
	at sun.reflect.NativeMethodAccessorImpl.invoke(NativeMethodAccessorImpl.java:62)
	at sun.reflect.DelegatingMethodAccessorImpl.invoke(DelegatingMethodAccessorImpl.java:43)
	at java.lang.reflect.Method.invoke(Method.java:498)
	at org.junit.runners.model.FrameworkMethod$1.runReflectiveCall(FrameworkMethod.java:59)
	at org.junit.internal.runners.model.ReflectiveCallable.run(ReflectiveCallable.java:12)
	at org.junit.runners.model.FrameworkMethod.invokeExplosively(FrameworkMethod.java:56)
	at org.junit.internal.runners.statements.InvokeMethod.evaluate(InvokeMethod.java:17)
	at org.springframework.test.context.junit4.statements.RunBeforeTestExecutionCallbacks.evaluate(RunBeforeTestExecutionCallbacks.java:74)
	at org.springframework.test.context.junit4.statements.RunAfterTestExecutionCallbacks.evaluate(RunAfterTestExecutionCallbacks.java:84)
	at org.springframework.test.context.junit4.statements.RunBeforeTestMethodCallbacks.evaluate(RunBeforeTestMethodCallbacks.java:75)
	at org.springframework.test.context.junit4.statements.RunAfterTestMethodCallbacks.evaluate(RunAfterTestMethodCallbacks.java:86)
	at org.springframework.test.context.junit4.statements.SpringRepeat.evaluate(SpringRepeat.java:84)
	at org.junit.runners.ParentRunner.runLeaf(ParentRunner.java:366)
	at org.springframework.test.context.junit4.SpringJUnit4ClassRunner.runChild(SpringJUnit4ClassRunner.java:251)
	at org.springframework.test.context.junit4.SpringJUnit4ClassRunner.runChild(SpringJUnit4ClassRunner.java:97)
	at org.junit.runners.ParentRunner$4.run(ParentRunner.java:331)
	at org.junit.runners.ParentRunner$1.schedule(ParentRunner.java:79)
	at org.junit.runners.ParentRunner.runChildren(ParentRunner.java:329)
	at org.junit.runners.ParentRunner.access$100(ParentRunner.java:66)
	at org.junit.runners.ParentRunner$2.evaluate(ParentRunner.java:293)
	at org.springframework.test.context.junit4.statements.RunBeforeTestClassCallbacks.evaluate(RunBeforeTestClassCallbacks.java:61)
	at org.springframework.test.context.junit4.statements.RunAfterTestClassCallbacks.evaluate(RunAfterTestClassCallbacks.java:70)
	at org.junit.runners.ParentRunner$3.evaluate(ParentRunner.java:306)
	at org.junit.runners.ParentRunner.run(ParentRunner.java:413)
	at org.springframework.test.context.junit4.SpringJUnit4ClassRunner.run(SpringJUnit4ClassRunner.java:190)
	at org.junit.runner.JUnitCore.run(JUnitCore.java:137)
	at com.intellij.junit4.JUnit4IdeaTestRunner.startRunnerWithArgs(JUnit4IdeaTestRunner.java:69)
	at com.intellij.rt.junit.IdeaTestRunner$Repeater$1.execute(IdeaTestRunner.java:38)
	at com.intellij.rt.execution.junit.TestsRepeater.repeat(TestsRepeater.java:11)
	at com.intellij.rt.junit.IdeaTestRunner$Repeater.startRunnerWithArgs(IdeaTestRunner.java:35)
	at com.intellij.rt.junit.JUnitStarter.prepareStreamsAndStart(JUnitStarter.java:235)
	at com.intellij.rt.junit.JUnitStarter.main(JUnitStarter.java:54)
Caused by: java.sql.SQLIntegrityConstraintViolationException: Column 'out_business_no' cannot be null
	at com.mysql.cj.jdbc.exceptions.SQLError.createSQLException(SQLError.java:117)
	at com.mysql.cj.jdbc.exceptions.SQLError.createSQLException(SQLError.java:97)
	at com.mysql.cj.jdbc.exceptions.SQLExceptionsMapping.translateException(SQLExceptionsMapping.java:122)
	at com.mysql.cj.jdbc.ClientPreparedStatement.executeInternal(ClientPreparedStatement.java:953)
	at com.mysql.cj.jdbc.ClientPreparedStatement.execute(ClientPreparedStatement.java:370)
	at com.zaxxer.hikari.pool.ProxyPreparedStatement.execute(ProxyPreparedStatement.java:44)
	at com.zaxxer.hikari.pool.HikariProxyPreparedStatement.execute(HikariProxyPreparedStatement.java)
	at org.apache.ibatis.executor.statement.PreparedStatementHandler.update(PreparedStatementHandler.java:47)
	at org.apache.ibatis.executor.statement.RoutingStatementHandler.update(RoutingStatementHandler.java:74)
	at sun.reflect.NativeMethodAccessorImpl.invoke0(Native Method)
	at sun.reflect.NativeMethodAccessorImpl.invoke(NativeMethodAccessorImpl.java:62)
	at sun.reflect.DelegatingMethodAccessorImpl.invoke(DelegatingMethodAccessorImpl.java:43)
	at java.lang.reflect.Method.invoke(Method.java:498)
	at org.apache.ibatis.plugin.Plugin.invoke(Plugin.java:63)
	at com.sun.proxy.$Proxy206.update(Unknown Source)
	at org.apache.ibatis.executor.SimpleExecutor.doUpdate(SimpleExecutor.java:50)
	at org.apache.ibatis.executor.BaseExecutor.update(BaseExecutor.java:117)
	at org.apache.ibatis.executor.CachingExecutor.update(CachingExecutor.java:76)
	at org.apache.ibatis.session.defaults.DefaultSqlSession.update(DefaultSqlSession.java:197)
	at org.apache.ibatis.session.defaults.DefaultSqlSession.insert(DefaultSqlSession.java:184)
	at sun.reflect.NativeMethodAccessorImpl.invoke0(Native Method)
	at sun.reflect.NativeMethodAccessorImpl.invoke(NativeMethodAccessorImpl.java:62)
	at sun.reflect.DelegatingMethodAccessorImpl.invoke(DelegatingMethodAccessorImpl.java:43)
	at java.lang.reflect.Method.invoke(Method.java:498)
	at org.mybatis.spring.SqlSessionTemplate$SqlSessionInterceptor.invoke(SqlSessionTemplate.java:427)
	... 44 common frames omitted
24-11-19.08:44:33.780 [main            ] INFO  CreditAdjustService    - 增加账户积分额度完成 userId:xiaofuge orderId:616793839749
24-11-19.08:44:33.815 [org.springframework.amqp.rabbit.RabbitListenerEndpointContainer#0-2] INFO  SimpleMessageListenerContainer - Waiting for workers to finish.
24-11-19.08:44:33.818 [org.springframework.amqp.rabbit.RabbitListenerEndpointContainer#1-2] INFO  SimpleMessageListenerContainer - Waiting for workers to finish.
24-11-19.08:44:33.822 [org.springframework.amqp.rabbit.RabbitListenerEndpointContainer#2-2] INFO  SimpleMessageListenerContainer - Waiting for workers to finish.
24-11-19.08:44:34.157 [org.springframework.amqp.rabbit.RabbitListenerEndpointContainer#0-2] INFO  SimpleMessageListenerContainer - Successfully waited for workers to finish.
24-11-19.08:44:34.167 [org.springframework.amqp.rabbit.RabbitListenerEndpointContainer#1-2] INFO  SimpleMessageListenerContainer - Successfully waited for workers to finish.
24-11-19.08:44:34.182 [org.springframework.amqp.rabbit.RabbitListenerEndpointContainer#2-2] INFO  SimpleMessageListenerContainer - Successfully waited for workers to finish.
24-11-19.08:44:34.185 [SpringApplicationShutdownHook] INFO  SimpleMessageListenerContainer - Shutdown ignored - container is already stopped
24-11-19.08:44:34.186 [SpringApplicationShutdownHook] INFO  SimpleMessageListenerContainer - Shutdown ignored - container is already stopped
24-11-19.08:44:34.186 [SpringApplicationShutdownHook] INFO  SimpleMessageListenerContainer - Shutdown ignored - container is already stopped
24-11-19.08:49:38.118 [main            ] INFO  CreditAdjustServiceTest - Starting CreditAdjustServiceTest using Java 1.8.0_181 on yangzihesLaptop with PID 19528 (started by yangz in D:\jdk8\big-market-231202-xfg-init-project\big-market-app)
24-11-19.08:49:38.119 [main            ] INFO  CreditAdjustServiceTest - The following 1 profile is active: "dev"
24-11-19.08:49:39.754 [main            ] INFO  RepositoryConfigurationDelegate - Multiple Spring Data modules found, entering strict repository configuration mode
24-11-19.08:49:39.761 [main            ] INFO  RepositoryConfigurationDelegate - Bootstrapping Spring Data Redis repositories in DEFAULT mode.
24-11-19.08:49:39.901 [main            ] INFO  RepositoryConfigurationDelegate - Finished Spring Data repository scanning in 110 ms. Found 0 Redis repository interfaces.
24-11-19.08:49:42.889 [main            ] INFO  Version                - Redisson 3.26.0
24-11-19.08:49:44.357 [redisson-netty-1-5] INFO  ConnectionsHolder      - 1 connections initialized for 127.0.0.1/127.0.0.1:16379
24-11-19.08:49:44.389 [redisson-netty-1-13] INFO  ConnectionsHolder      - 5 connections initialized for 127.0.0.1/127.0.0.1:16379
24-11-19.08:49:52.195 [main            ] INFO  EndpointLinksResolver  - Exposing 1 endpoint(s) beneath base path '/actuator'
24-11-19.08:49:52.290 [main            ] INFO  CachingConnectionFactory - Attempting to connect to: [127.0.0.1:5672]
24-11-19.08:49:52.367 [main            ] INFO  CachingConnectionFactory - Created new connection: rabbitConnectionFactory#7120daa6:0/SimpleConnection@1ebb36df [delegate=amqp://admin@127.0.0.1:5672/, localPort= 60440]
24-11-19.08:49:52.521 [main            ] INFO  CreditAdjustServiceTest - Started CreditAdjustServiceTest in 15.076 seconds (JVM running for 17.147)
24-11-19.08:49:52.927 [main            ] INFO  CreditAdjustService    - 增加账户积分额度开始 userId:xiaofuge tradeName:REBATE amount:10.19
24-11-19.08:51:12.640 [main            ] INFO  HikariDataSource       - Retail_HikariCP - Starting...
24-11-19.08:51:12.962 [main            ] INFO  HikariDataSource       - Retail_HikariCP - Start completed.
24-11-19.08:51:13.044 [org.springframework.amqp.rabbit.RabbitListenerEndpointContainer#0-2] INFO  SimpleMessageListenerContainer - Waiting for workers to finish.
24-11-19.08:51:13.047 [org.springframework.amqp.rabbit.RabbitListenerEndpointContainer#1-2] INFO  SimpleMessageListenerContainer - Waiting for workers to finish.
24-11-19.08:51:13.050 [org.springframework.amqp.rabbit.RabbitListenerEndpointContainer#2-2] INFO  SimpleMessageListenerContainer - Waiting for workers to finish.
24-11-19.08:51:13.136 [main            ] ERROR CreditRepository       - 调整账户积分额度失败 userId:xiaofuge orderId:537558556076
org.springframework.dao.DataIntegrityViolationException: 
### Error updating database.  Cause: java.sql.SQLIntegrityConstraintViolationException: Column 'out_business_no' cannot be null
### The error may exist in file [D:\jdk8\big-market-231202-xfg-init-project\big-market-app\target\classes\mybatis\mapper\user_credit_order_mapper.xml]
### The error may involve cn.bugstack.infrastructure.persistent.dao.IUserCreditOrderDao.insert-Inline
### The error occurred while setting parameters
### SQL: insert into user_credit_order_001(user_id, order_id, trade_name, trade_type, trade_amount, out_business_no, create_time, update_time)         values(         ?,?,?,?,?,?,now(),now()         )
### Cause: java.sql.SQLIntegrityConstraintViolationException: Column 'out_business_no' cannot be null
; Column 'out_business_no' cannot be null; nested exception is java.sql.SQLIntegrityConstraintViolationException: Column 'out_business_no' cannot be null
	at org.springframework.jdbc.support.SQLExceptionSubclassTranslator.doTranslate(SQLExceptionSubclassTranslator.java:87)
	at org.springframework.jdbc.support.AbstractFallbackSQLExceptionTranslator.translate(AbstractFallbackSQLExceptionTranslator.java:70)
	at org.springframework.jdbc.support.AbstractFallbackSQLExceptionTranslator.translate(AbstractFallbackSQLExceptionTranslator.java:79)
	at org.mybatis.spring.MyBatisExceptionTranslator.translateExceptionIfPossible(MyBatisExceptionTranslator.java:91)
	at org.mybatis.spring.SqlSessionTemplate$SqlSessionInterceptor.invoke(SqlSessionTemplate.java:441)
	at com.sun.proxy.$Proxy109.insert(Unknown Source)
	at org.mybatis.spring.SqlSessionTemplate.insert(SqlSessionTemplate.java:272)
	at org.apache.ibatis.binding.MapperMethod.execute(MapperMethod.java:62)
	at org.apache.ibatis.binding.MapperProxy$PlainMethodInvoker.invoke(MapperProxy.java:152)
	at org.apache.ibatis.binding.MapperProxy.invoke(MapperProxy.java:85)
	at com.sun.proxy.$Proxy149.insert(Unknown Source)
	at cn.bugstack.infrastructure.persistent.repository.CreditRepository.lambda$saveUserCreditTradeOrder$0(CreditRepository.java:78)
	at org.springframework.transaction.support.TransactionTemplate.execute(TransactionTemplate.java:140)
	at cn.bugstack.infrastructure.persistent.repository.CreditRepository.saveUserCreditTradeOrder(CreditRepository.java:69)
	at cn.bugstack.domain.credit.service.adjust.CreditAdjustService.createOrder(CreditAdjustService.java:37)
	at cn.bugstack.test.domain.credit.CreditAdjustServiceTest.test_createOrder_forward(CreditAdjustServiceTest.java:37)
	at sun.reflect.NativeMethodAccessorImpl.invoke0(Native Method)
	at sun.reflect.NativeMethodAccessorImpl.invoke(NativeMethodAccessorImpl.java:62)
	at sun.reflect.DelegatingMethodAccessorImpl.invoke(DelegatingMethodAccessorImpl.java:43)
	at java.lang.reflect.Method.invoke(Method.java:498)
	at org.junit.runners.model.FrameworkMethod$1.runReflectiveCall(FrameworkMethod.java:59)
	at org.junit.internal.runners.model.ReflectiveCallable.run(ReflectiveCallable.java:12)
	at org.junit.runners.model.FrameworkMethod.invokeExplosively(FrameworkMethod.java:56)
	at org.junit.internal.runners.statements.InvokeMethod.evaluate(InvokeMethod.java:17)
	at org.springframework.test.context.junit4.statements.RunBeforeTestExecutionCallbacks.evaluate(RunBeforeTestExecutionCallbacks.java:74)
	at org.springframework.test.context.junit4.statements.RunAfterTestExecutionCallbacks.evaluate(RunAfterTestExecutionCallbacks.java:84)
	at org.springframework.test.context.junit4.statements.RunBeforeTestMethodCallbacks.evaluate(RunBeforeTestMethodCallbacks.java:75)
	at org.springframework.test.context.junit4.statements.RunAfterTestMethodCallbacks.evaluate(RunAfterTestMethodCallbacks.java:86)
	at org.springframework.test.context.junit4.statements.SpringRepeat.evaluate(SpringRepeat.java:84)
	at org.junit.runners.ParentRunner.runLeaf(ParentRunner.java:366)
	at org.springframework.test.context.junit4.SpringJUnit4ClassRunner.runChild(SpringJUnit4ClassRunner.java:251)
	at org.springframework.test.context.junit4.SpringJUnit4ClassRunner.runChild(SpringJUnit4ClassRunner.java:97)
	at org.junit.runners.ParentRunner$4.run(ParentRunner.java:331)
	at org.junit.runners.ParentRunner$1.schedule(ParentRunner.java:79)
	at org.junit.runners.ParentRunner.runChildren(ParentRunner.java:329)
	at org.junit.runners.ParentRunner.access$100(ParentRunner.java:66)
	at org.junit.runners.ParentRunner$2.evaluate(ParentRunner.java:293)
	at org.springframework.test.context.junit4.statements.RunBeforeTestClassCallbacks.evaluate(RunBeforeTestClassCallbacks.java:61)
	at org.springframework.test.context.junit4.statements.RunAfterTestClassCallbacks.evaluate(RunAfterTestClassCallbacks.java:70)
	at org.junit.runners.ParentRunner$3.evaluate(ParentRunner.java:306)
	at org.junit.runners.ParentRunner.run(ParentRunner.java:413)
	at org.springframework.test.context.junit4.SpringJUnit4ClassRunner.run(SpringJUnit4ClassRunner.java:190)
	at org.junit.runner.JUnitCore.run(JUnitCore.java:137)
	at com.intellij.junit4.JUnit4IdeaTestRunner.startRunnerWithArgs(JUnit4IdeaTestRunner.java:69)
	at com.intellij.rt.junit.IdeaTestRunner$Repeater$1.execute(IdeaTestRunner.java:38)
	at com.intellij.rt.execution.junit.TestsRepeater.repeat(TestsRepeater.java:11)
	at com.intellij.rt.junit.IdeaTestRunner$Repeater.startRunnerWithArgs(IdeaTestRunner.java:35)
	at com.intellij.rt.junit.JUnitStarter.prepareStreamsAndStart(JUnitStarter.java:235)
	at com.intellij.rt.junit.JUnitStarter.main(JUnitStarter.java:54)
Caused by: java.sql.SQLIntegrityConstraintViolationException: Column 'out_business_no' cannot be null
	at com.mysql.cj.jdbc.exceptions.SQLError.createSQLException(SQLError.java:117)
	at com.mysql.cj.jdbc.exceptions.SQLError.createSQLException(SQLError.java:97)
	at com.mysql.cj.jdbc.exceptions.SQLExceptionsMapping.translateException(SQLExceptionsMapping.java:122)
	at com.mysql.cj.jdbc.ClientPreparedStatement.executeInternal(ClientPreparedStatement.java:953)
	at com.mysql.cj.jdbc.ClientPreparedStatement.execute(ClientPreparedStatement.java:370)
	at com.zaxxer.hikari.pool.ProxyPreparedStatement.execute(ProxyPreparedStatement.java:44)
	at com.zaxxer.hikari.pool.HikariProxyPreparedStatement.execute(HikariProxyPreparedStatement.java)
	at org.apache.ibatis.executor.statement.PreparedStatementHandler.update(PreparedStatementHandler.java:47)
	at org.apache.ibatis.executor.statement.RoutingStatementHandler.update(RoutingStatementHandler.java:74)
	at sun.reflect.NativeMethodAccessorImpl.invoke0(Native Method)
	at sun.reflect.NativeMethodAccessorImpl.invoke(NativeMethodAccessorImpl.java:62)
	at sun.reflect.DelegatingMethodAccessorImpl.invoke(DelegatingMethodAccessorImpl.java:43)
	at java.lang.reflect.Method.invoke(Method.java:498)
	at org.apache.ibatis.plugin.Plugin.invoke(Plugin.java:63)
	at com.sun.proxy.$Proxy206.update(Unknown Source)
	at org.apache.ibatis.executor.SimpleExecutor.doUpdate(SimpleExecutor.java:50)
	at org.apache.ibatis.executor.BaseExecutor.update(BaseExecutor.java:117)
	at org.apache.ibatis.executor.CachingExecutor.update(CachingExecutor.java:76)
	at org.apache.ibatis.session.defaults.DefaultSqlSession.update(DefaultSqlSession.java:197)
	at org.apache.ibatis.session.defaults.DefaultSqlSession.insert(DefaultSqlSession.java:184)
	at sun.reflect.NativeMethodAccessorImpl.invoke0(Native Method)
	at sun.reflect.NativeMethodAccessorImpl.invoke(NativeMethodAccessorImpl.java:62)
	at sun.reflect.DelegatingMethodAccessorImpl.invoke(DelegatingMethodAccessorImpl.java:43)
	at java.lang.reflect.Method.invoke(Method.java:498)
	at org.mybatis.spring.SqlSessionTemplate$SqlSessionInterceptor.invoke(SqlSessionTemplate.java:427)
	... 44 common frames omitted
24-11-19.08:51:13.165 [main            ] INFO  CreditAdjustService    - 增加账户积分额度完成 userId:xiaofuge orderId:537558556076
24-11-19.08:51:13.194 [org.springframework.amqp.rabbit.RabbitListenerEndpointContainer#0-2] INFO  SimpleMessageListenerContainer - Successfully waited for workers to finish.
24-11-19.08:51:13.251 [org.springframework.amqp.rabbit.RabbitListenerEndpointContainer#2-2] INFO  SimpleMessageListenerContainer - Successfully waited for workers to finish.
24-11-19.08:51:13.252 [org.springframework.amqp.rabbit.RabbitListenerEndpointContainer#1-2] INFO  SimpleMessageListenerContainer - Successfully waited for workers to finish.
24-11-19.08:51:13.255 [SpringApplicationShutdownHook] INFO  SimpleMessageListenerContainer - Shutdown ignored - container is already stopped
24-11-19.08:51:13.256 [SpringApplicationShutdownHook] INFO  SimpleMessageListenerContainer - Shutdown ignored - container is already stopped
24-11-19.08:51:13.256 [SpringApplicationShutdownHook] INFO  SimpleMessageListenerContainer - Shutdown ignored - container is already stopped
24-11-19.08:51:37.139 [main            ] INFO  CreditAdjustServiceTest - Starting CreditAdjustServiceTest using Java 1.8.0_181 on yangzihesLaptop with PID 2624 (started by yangz in D:\jdk8\big-market-231202-xfg-init-project\big-market-app)
24-11-19.08:51:37.141 [main            ] INFO  CreditAdjustServiceTest - The following 1 profile is active: "dev"
24-11-19.08:51:38.730 [main            ] INFO  RepositoryConfigurationDelegate - Multiple Spring Data modules found, entering strict repository configuration mode
24-11-19.08:51:38.736 [main            ] INFO  RepositoryConfigurationDelegate - Bootstrapping Spring Data Redis repositories in DEFAULT mode.
24-11-19.08:51:38.945 [main            ] INFO  RepositoryConfigurationDelegate - Finished Spring Data repository scanning in 184 ms. Found 0 Redis repository interfaces.
24-11-19.08:51:42.570 [main            ] INFO  Version                - Redisson 3.26.0
24-11-19.08:51:44.193 [redisson-netty-1-4] INFO  ConnectionsHolder      - 1 connections initialized for 127.0.0.1/127.0.0.1:16379
24-11-19.08:51:44.217 [redisson-netty-1-13] INFO  ConnectionsHolder      - 5 connections initialized for 127.0.0.1/127.0.0.1:16379
24-11-19.08:51:53.473 [main            ] INFO  EndpointLinksResolver  - Exposing 1 endpoint(s) beneath base path '/actuator'
24-11-19.08:51:53.618 [main            ] INFO  CachingConnectionFactory - Attempting to connect to: [127.0.0.1:5672]
24-11-19.08:51:53.774 [main            ] INFO  CachingConnectionFactory - Created new connection: rabbitConnectionFactory#5e198c40:0/SimpleConnection@45649467 [delegate=amqp://admin@127.0.0.1:5672/, localPort= 57013]
24-11-19.08:51:53.983 [main            ] INFO  CreditAdjustServiceTest - Started CreditAdjustServiceTest in 17.556 seconds (JVM running for 19.118)
24-11-19.08:51:54.657 [main            ] INFO  CreditAdjustService    - 增加账户积分额度开始 userId:xiaofuge tradeName:REBATE amount:10.19
24-11-19.08:52:33.730 [main            ] INFO  HikariDataSource       - Retail_HikariCP - Starting...
24-11-19.08:52:34.015 [main            ] INFO  HikariDataSource       - Retail_HikariCP - Start completed.
24-11-19.08:52:44.299 [org.springframework.amqp.rabbit.RabbitListenerEndpointContainer#0-2] INFO  SimpleMessageListenerContainer - Waiting for workers to finish.
24-11-19.08:52:44.301 [org.springframework.amqp.rabbit.RabbitListenerEndpointContainer#1-2] INFO  SimpleMessageListenerContainer - Waiting for workers to finish.
24-11-19.08:52:44.302 [org.springframework.amqp.rabbit.RabbitListenerEndpointContainer#2-2] INFO  SimpleMessageListenerContainer - Waiting for workers to finish.
24-11-19.08:52:44.376 [org.springframework.amqp.rabbit.RabbitListenerEndpointContainer#0-2] INFO  SimpleMessageListenerContainer - Successfully waited for workers to finish.
24-11-19.08:52:44.404 [org.springframework.amqp.rabbit.RabbitListenerEndpointContainer#1-2] INFO  SimpleMessageListenerContainer - Successfully waited for workers to finish.
24-11-19.08:52:44.419 [org.springframework.amqp.rabbit.RabbitListenerEndpointContainer#2-2] INFO  SimpleMessageListenerContainer - Successfully waited for workers to finish.
24-11-19.08:52:44.422 [SpringApplicationShutdownHook] INFO  SimpleMessageListenerContainer - Shutdown ignored - container is already stopped
24-11-19.08:52:44.422 [SpringApplicationShutdownHook] INFO  SimpleMessageListenerContainer - Shutdown ignored - container is already stopped
24-11-19.08:52:44.422 [SpringApplicationShutdownHook] INFO  SimpleMessageListenerContainer - Shutdown ignored - container is already stopped
24-11-19.08:56:37.300 [main            ] INFO  CreditAdjustServiceTest - Starting CreditAdjustServiceTest using Java 1.8.0_181 on yangzihesLaptop with PID 26968 (started by yangz in D:\jdk8\big-market-231202-xfg-init-project\big-market-app)
24-11-19.08:56:37.301 [main            ] INFO  CreditAdjustServiceTest - The following 1 profile is active: "dev"
24-11-19.08:56:39.093 [main            ] INFO  RepositoryConfigurationDelegate - Multiple Spring Data modules found, entering strict repository configuration mode
24-11-19.08:56:39.098 [main            ] INFO  RepositoryConfigurationDelegate - Bootstrapping Spring Data Redis repositories in DEFAULT mode.
24-11-19.08:56:39.199 [main            ] INFO  RepositoryConfigurationDelegate - Finished Spring Data repository scanning in 81 ms. Found 0 Redis repository interfaces.
24-11-19.08:56:41.788 [main            ] INFO  Version                - Redisson 3.26.0
24-11-19.08:56:42.924 [redisson-netty-1-4] INFO  ConnectionsHolder      - 1 connections initialized for 127.0.0.1/127.0.0.1:16379
24-11-19.08:56:42.941 [redisson-netty-1-13] INFO  ConnectionsHolder      - 5 connections initialized for 127.0.0.1/127.0.0.1:16379
24-11-19.08:56:48.906 [main            ] INFO  EndpointLinksResolver  - Exposing 1 endpoint(s) beneath base path '/actuator'
24-11-19.08:56:49.044 [main            ] INFO  CachingConnectionFactory - Attempting to connect to: [127.0.0.1:5672]
24-11-19.08:56:49.123 [main            ] INFO  CachingConnectionFactory - Created new connection: rabbitConnectionFactory#37a67cf:0/SimpleConnection@1ea96ff2 [delegate=amqp://admin@127.0.0.1:5672/, localPort= 56629]
24-11-19.08:56:49.259 [main            ] INFO  CreditAdjustServiceTest - Started CreditAdjustServiceTest in 12.509 seconds (JVM running for 13.709)
24-11-19.08:56:49.626 [main            ] INFO  CreditAdjustService    - 增加账户积分额度开始 userId:xiaofuge tradeName:REBATE amount:10.19
24-11-19.08:56:49.666 [main            ] INFO  HikariDataSource       - Retail_HikariCP - Starting...
24-11-19.08:56:49.917 [main            ] INFO  HikariDataSource       - Retail_HikariCP - Start completed.
24-11-19.08:56:50.048 [main            ] ERROR CreditRepository       - 调整账户积分额度异常，唯一索引冲突 userId:xiaofuge orderId:393251743374
org.springframework.dao.DuplicateKeyException: 
### Error updating database.  Cause: java.sql.SQLIntegrityConstraintViolationException: Duplicate entry '100009909911' for key 'user_credit_order_001.uq_out_business_no'
### The error may exist in file [D:\jdk8\big-market-231202-xfg-init-project\big-market-app\target\classes\mybatis\mapper\user_credit_order_mapper.xml]
### The error may involve cn.bugstack.infrastructure.persistent.dao.IUserCreditOrderDao.insert-Inline
### The error occurred while setting parameters
### SQL: insert into user_credit_order_001(user_id, order_id, trade_name, trade_type, trade_amount, out_business_no, create_time, update_time)         values(         ?,?,?,?,?,?,now(),now()         )
### Cause: java.sql.SQLIntegrityConstraintViolationException: Duplicate entry '100009909911' for key 'user_credit_order_001.uq_out_business_no'
; Duplicate entry '100009909911' for key 'user_credit_order_001.uq_out_business_no'; nested exception is java.sql.SQLIntegrityConstraintViolationException: Duplicate entry '100009909911' for key 'user_credit_order_001.uq_out_business_no'
	at org.springframework.jdbc.support.SQLErrorCodeSQLExceptionTranslator.doTranslate(SQLErrorCodeSQLExceptionTranslator.java:247)
	at org.springframework.jdbc.support.AbstractFallbackSQLExceptionTranslator.translate(AbstractFallbackSQLExceptionTranslator.java:70)
	at org.mybatis.spring.MyBatisExceptionTranslator.translateExceptionIfPossible(MyBatisExceptionTranslator.java:91)
	at org.mybatis.spring.SqlSessionTemplate$SqlSessionInterceptor.invoke(SqlSessionTemplate.java:441)
	at com.sun.proxy.$Proxy109.insert(Unknown Source)
	at org.mybatis.spring.SqlSessionTemplate.insert(SqlSessionTemplate.java:272)
	at org.apache.ibatis.binding.MapperMethod.execute(MapperMethod.java:62)
	at org.apache.ibatis.binding.MapperProxy$PlainMethodInvoker.invoke(MapperProxy.java:152)
	at org.apache.ibatis.binding.MapperProxy.invoke(MapperProxy.java:85)
	at com.sun.proxy.$Proxy149.insert(Unknown Source)
	at cn.bugstack.infrastructure.persistent.repository.CreditRepository.lambda$saveUserCreditTradeOrder$0(CreditRepository.java:78)
	at org.springframework.transaction.support.TransactionTemplate.execute(TransactionTemplate.java:140)
	at cn.bugstack.infrastructure.persistent.repository.CreditRepository.saveUserCreditTradeOrder(CreditRepository.java:69)
	at cn.bugstack.domain.credit.service.adjust.CreditAdjustService.createOrder(CreditAdjustService.java:37)
	at cn.bugstack.test.domain.credit.CreditAdjustServiceTest.test_createOrder_forward(CreditAdjustServiceTest.java:37)
	at sun.reflect.NativeMethodAccessorImpl.invoke0(Native Method)
	at sun.reflect.NativeMethodAccessorImpl.invoke(NativeMethodAccessorImpl.java:62)
	at sun.reflect.DelegatingMethodAccessorImpl.invoke(DelegatingMethodAccessorImpl.java:43)
	at java.lang.reflect.Method.invoke(Method.java:498)
	at org.junit.runners.model.FrameworkMethod$1.runReflectiveCall(FrameworkMethod.java:59)
	at org.junit.internal.runners.model.ReflectiveCallable.run(ReflectiveCallable.java:12)
	at org.junit.runners.model.FrameworkMethod.invokeExplosively(FrameworkMethod.java:56)
	at org.junit.internal.runners.statements.InvokeMethod.evaluate(InvokeMethod.java:17)
	at org.springframework.test.context.junit4.statements.RunBeforeTestExecutionCallbacks.evaluate(RunBeforeTestExecutionCallbacks.java:74)
	at org.springframework.test.context.junit4.statements.RunAfterTestExecutionCallbacks.evaluate(RunAfterTestExecutionCallbacks.java:84)
	at org.springframework.test.context.junit4.statements.RunBeforeTestMethodCallbacks.evaluate(RunBeforeTestMethodCallbacks.java:75)
	at org.springframework.test.context.junit4.statements.RunAfterTestMethodCallbacks.evaluate(RunAfterTestMethodCallbacks.java:86)
	at org.springframework.test.context.junit4.statements.SpringRepeat.evaluate(SpringRepeat.java:84)
	at org.junit.runners.ParentRunner.runLeaf(ParentRunner.java:366)
	at org.springframework.test.context.junit4.SpringJUnit4ClassRunner.runChild(SpringJUnit4ClassRunner.java:251)
	at org.springframework.test.context.junit4.SpringJUnit4ClassRunner.runChild(SpringJUnit4ClassRunner.java:97)
	at org.junit.runners.ParentRunner$4.run(ParentRunner.java:331)
	at org.junit.runners.ParentRunner$1.schedule(ParentRunner.java:79)
	at org.junit.runners.ParentRunner.runChildren(ParentRunner.java:329)
	at org.junit.runners.ParentRunner.access$100(ParentRunner.java:66)
	at org.junit.runners.ParentRunner$2.evaluate(ParentRunner.java:293)
	at org.springframework.test.context.junit4.statements.RunBeforeTestClassCallbacks.evaluate(RunBeforeTestClassCallbacks.java:61)
	at org.springframework.test.context.junit4.statements.RunAfterTestClassCallbacks.evaluate(RunAfterTestClassCallbacks.java:70)
	at org.junit.runners.ParentRunner$3.evaluate(ParentRunner.java:306)
	at org.junit.runners.ParentRunner.run(ParentRunner.java:413)
	at org.springframework.test.context.junit4.SpringJUnit4ClassRunner.run(SpringJUnit4ClassRunner.java:190)
	at org.junit.runner.JUnitCore.run(JUnitCore.java:137)
	at com.intellij.junit4.JUnit4IdeaTestRunner.startRunnerWithArgs(JUnit4IdeaTestRunner.java:69)
	at com.intellij.rt.junit.IdeaTestRunner$Repeater$1.execute(IdeaTestRunner.java:38)
	at com.intellij.rt.execution.junit.TestsRepeater.repeat(TestsRepeater.java:11)
	at com.intellij.rt.junit.IdeaTestRunner$Repeater.startRunnerWithArgs(IdeaTestRunner.java:35)
	at com.intellij.rt.junit.JUnitStarter.prepareStreamsAndStart(JUnitStarter.java:235)
	at com.intellij.rt.junit.JUnitStarter.main(JUnitStarter.java:54)
Caused by: java.sql.SQLIntegrityConstraintViolationException: Duplicate entry '100009909911' for key 'user_credit_order_001.uq_out_business_no'
	at com.mysql.cj.jdbc.exceptions.SQLError.createSQLException(SQLError.java:117)
	at com.mysql.cj.jdbc.exceptions.SQLError.createSQLException(SQLError.java:97)
	at com.mysql.cj.jdbc.exceptions.SQLExceptionsMapping.translateException(SQLExceptionsMapping.java:122)
	at com.mysql.cj.jdbc.ClientPreparedStatement.executeInternal(ClientPreparedStatement.java:953)
	at com.mysql.cj.jdbc.ClientPreparedStatement.execute(ClientPreparedStatement.java:370)
	at com.zaxxer.hikari.pool.ProxyPreparedStatement.execute(ProxyPreparedStatement.java:44)
	at com.zaxxer.hikari.pool.HikariProxyPreparedStatement.execute(HikariProxyPreparedStatement.java)
	at org.apache.ibatis.executor.statement.PreparedStatementHandler.update(PreparedStatementHandler.java:47)
	at org.apache.ibatis.executor.statement.RoutingStatementHandler.update(RoutingStatementHandler.java:74)
	at sun.reflect.NativeMethodAccessorImpl.invoke0(Native Method)
	at sun.reflect.NativeMethodAccessorImpl.invoke(NativeMethodAccessorImpl.java:62)
	at sun.reflect.DelegatingMethodAccessorImpl.invoke(DelegatingMethodAccessorImpl.java:43)
	at java.lang.reflect.Method.invoke(Method.java:498)
	at org.apache.ibatis.plugin.Plugin.invoke(Plugin.java:63)
	at com.sun.proxy.$Proxy206.update(Unknown Source)
	at org.apache.ibatis.executor.SimpleExecutor.doUpdate(SimpleExecutor.java:50)
	at org.apache.ibatis.executor.BaseExecutor.update(BaseExecutor.java:117)
	at org.apache.ibatis.executor.CachingExecutor.update(CachingExecutor.java:76)
	at org.apache.ibatis.session.defaults.DefaultSqlSession.update(DefaultSqlSession.java:197)
	at org.apache.ibatis.session.defaults.DefaultSqlSession.insert(DefaultSqlSession.java:184)
	at sun.reflect.NativeMethodAccessorImpl.invoke0(Native Method)
	at sun.reflect.NativeMethodAccessorImpl.invoke(NativeMethodAccessorImpl.java:62)
	at sun.reflect.DelegatingMethodAccessorImpl.invoke(DelegatingMethodAccessorImpl.java:43)
	at java.lang.reflect.Method.invoke(Method.java:498)
	at org.mybatis.spring.SqlSessionTemplate$SqlSessionInterceptor.invoke(SqlSessionTemplate.java:427)
	... 44 common frames omitted
24-11-19.08:56:50.071 [main            ] INFO  CreditAdjustService    - 增加账户积分额度完成 userId:xiaofuge orderId:393251743374
24-11-19.08:56:50.091 [org.springframework.amqp.rabbit.RabbitListenerEndpointContainer#0-2] INFO  SimpleMessageListenerContainer - Waiting for workers to finish.
24-11-19.08:56:50.093 [org.springframework.amqp.rabbit.RabbitListenerEndpointContainer#1-2] INFO  SimpleMessageListenerContainer - Waiting for workers to finish.
24-11-19.08:56:50.094 [org.springframework.amqp.rabbit.RabbitListenerEndpointContainer#2-2] INFO  SimpleMessageListenerContainer - Waiting for workers to finish.
24-11-19.08:56:50.225 [org.springframework.amqp.rabbit.RabbitListenerEndpointContainer#0-2] INFO  SimpleMessageListenerContainer - Successfully waited for workers to finish.
24-11-19.08:56:50.238 [org.springframework.amqp.rabbit.RabbitListenerEndpointContainer#1-2] INFO  SimpleMessageListenerContainer - Successfully waited for workers to finish.
24-11-19.08:56:50.238 [org.springframework.amqp.rabbit.RabbitListenerEndpointContainer#2-2] INFO  SimpleMessageListenerContainer - Successfully waited for workers to finish.
24-11-19.08:56:50.242 [SpringApplicationShutdownHook] INFO  SimpleMessageListenerContainer - Shutdown ignored - container is already stopped
24-11-19.08:56:50.242 [SpringApplicationShutdownHook] INFO  SimpleMessageListenerContainer - Shutdown ignored - container is already stopped
24-11-19.08:56:50.243 [SpringApplicationShutdownHook] INFO  SimpleMessageListenerContainer - Shutdown ignored - container is already stopped
24-11-19.08:58:00.046 [main            ] INFO  CreditAdjustServiceTest - Starting CreditAdjustServiceTest using Java 1.8.0_181 on yangzihesLaptop with PID 23936 (started by yangz in D:\jdk8\big-market-231202-xfg-init-project\big-market-app)
24-11-19.08:58:00.048 [main            ] INFO  CreditAdjustServiceTest - The following 1 profile is active: "dev"
24-11-19.08:58:01.278 [main            ] INFO  RepositoryConfigurationDelegate - Multiple Spring Data modules found, entering strict repository configuration mode
24-11-19.08:58:01.282 [main            ] INFO  RepositoryConfigurationDelegate - Bootstrapping Spring Data Redis repositories in DEFAULT mode.
24-11-19.08:58:01.360 [main            ] INFO  RepositoryConfigurationDelegate - Finished Spring Data repository scanning in 61 ms. Found 0 Redis repository interfaces.
24-11-19.08:58:03.433 [main            ] INFO  Version                - Redisson 3.26.0
24-11-19.08:58:04.637 [redisson-netty-1-4] INFO  ConnectionsHolder      - 1 connections initialized for 127.0.0.1/127.0.0.1:16379
24-11-19.08:58:04.656 [redisson-netty-1-13] INFO  ConnectionsHolder      - 5 connections initialized for 127.0.0.1/127.0.0.1:16379
24-11-19.08:58:11.293 [main            ] INFO  EndpointLinksResolver  - Exposing 1 endpoint(s) beneath base path '/actuator'
24-11-19.08:58:11.430 [main            ] INFO  CachingConnectionFactory - Attempting to connect to: [127.0.0.1:5672]
24-11-19.08:58:11.560 [main            ] INFO  CachingConnectionFactory - Created new connection: rabbitConnectionFactory#98637a2:0/SimpleConnection@12e3f4ae [delegate=amqp://admin@127.0.0.1:5672/, localPort= 57026]
24-11-19.08:58:11.755 [main            ] INFO  CreditAdjustServiceTest - Started CreditAdjustServiceTest in 12.143 seconds (JVM running for 12.986)
24-11-19.08:58:12.163 [main            ] INFO  CreditAdjustService    - 增加账户积分额度开始 userId:xiaofuge tradeName:REBATE amount:10.19
24-11-19.08:58:12.215 [main            ] INFO  HikariDataSource       - Retail_HikariCP - Starting...
24-11-19.08:58:12.573 [main            ] INFO  HikariDataSource       - Retail_HikariCP - Start completed.
24-11-19.08:58:12.702 [main            ] INFO  CreditAdjustService    - 增加账户积分额度完成 userId:xiaofuge orderId:780130566223
24-11-19.08:58:12.733 [org.springframework.amqp.rabbit.RabbitListenerEndpointContainer#0-2] INFO  SimpleMessageListenerContainer - Waiting for workers to finish.
24-11-19.08:58:12.737 [org.springframework.amqp.rabbit.RabbitListenerEndpointContainer#1-2] INFO  SimpleMessageListenerContainer - Waiting for workers to finish.
24-11-19.08:58:12.741 [org.springframework.amqp.rabbit.RabbitListenerEndpointContainer#2-2] INFO  SimpleMessageListenerContainer - Waiting for workers to finish.
24-11-19.08:58:12.748 [org.springframework.amqp.rabbit.RabbitListenerEndpointContainer#2-2] INFO  SimpleMessageListenerContainer - Successfully waited for workers to finish.
24-11-19.08:58:13.704 [org.springframework.amqp.rabbit.RabbitListenerEndpointContainer#0-2] INFO  SimpleMessageListenerContainer - Successfully waited for workers to finish.
24-11-19.08:58:13.735 [org.springframework.amqp.rabbit.RabbitListenerEndpointContainer#1-2] INFO  SimpleMessageListenerContainer - Successfully waited for workers to finish.
24-11-19.08:58:13.738 [SpringApplicationShutdownHook] INFO  SimpleMessageListenerContainer - Shutdown ignored - container is already stopped
24-11-19.08:58:13.738 [SpringApplicationShutdownHook] INFO  SimpleMessageListenerContainer - Shutdown ignored - container is already stopped
24-11-19.08:58:13.739 [SpringApplicationShutdownHook] INFO  SimpleMessageListenerContainer - Shutdown ignored - container is already stopped
24-11-19.08:59:32.885 [main            ] INFO  CreditAdjustServiceTest - Starting CreditAdjustServiceTest using Java 1.8.0_181 on yangzihesLaptop with PID 14312 (started by yangz in D:\jdk8\big-market-231202-xfg-init-project\big-market-app)
24-11-19.08:59:32.887 [main            ] INFO  CreditAdjustServiceTest - The following 1 profile is active: "dev"
24-11-19.08:59:35.178 [main            ] INFO  RepositoryConfigurationDelegate - Multiple Spring Data modules found, entering strict repository configuration mode
24-11-19.08:59:35.184 [main            ] INFO  RepositoryConfigurationDelegate - Bootstrapping Spring Data Redis repositories in DEFAULT mode.
24-11-19.08:59:35.310 [main            ] INFO  RepositoryConfigurationDelegate - Finished Spring Data repository scanning in 88 ms. Found 0 Redis repository interfaces.
24-11-19.08:59:38.516 [main            ] INFO  Version                - Redisson 3.26.0
24-11-19.08:59:40.040 [redisson-netty-1-4] INFO  ConnectionsHolder      - 1 connections initialized for 127.0.0.1/127.0.0.1:16379
24-11-19.08:59:40.070 [redisson-netty-1-13] INFO  ConnectionsHolder      - 5 connections initialized for 127.0.0.1/127.0.0.1:16379
24-11-19.08:59:48.775 [main            ] INFO  EndpointLinksResolver  - Exposing 1 endpoint(s) beneath base path '/actuator'
24-11-19.08:59:48.985 [main            ] INFO  CachingConnectionFactory - Attempting to connect to: [127.0.0.1:5672]
24-11-19.08:59:49.122 [main            ] INFO  CachingConnectionFactory - Created new connection: rabbitConnectionFactory#37a67cf:0/SimpleConnection@1ea96ff2 [delegate=amqp://admin@127.0.0.1:5672/, localPort= 57466]
24-11-19.08:59:49.385 [main            ] INFO  CreditAdjustServiceTest - Started CreditAdjustServiceTest in 17.341 seconds (JVM running for 18.871)
24-11-19.08:59:49.888 [main            ] INFO  CreditAdjustService    - 增加账户积分额度开始 userId:xiaofuge tradeName:REBATE amount:-10.19
24-11-19.08:59:49.941 [main            ] INFO  HikariDataSource       - Retail_HikariCP - Starting...
24-11-19.08:59:50.283 [main            ] INFO  HikariDataSource       - Retail_HikariCP - Start completed.
24-11-19.08:59:50.415 [main            ] INFO  CreditAdjustService    - 增加账户积分额度完成 userId:xiaofuge orderId:952789977765
24-11-19.08:59:50.449 [org.springframework.amqp.rabbit.RabbitListenerEndpointContainer#0-2] INFO  SimpleMessageListenerContainer - Waiting for workers to finish.
24-11-19.08:59:50.452 [org.springframework.amqp.rabbit.RabbitListenerEndpointContainer#1-2] INFO  SimpleMessageListenerContainer - Waiting for workers to finish.
24-11-19.08:59:50.456 [org.springframework.amqp.rabbit.RabbitListenerEndpointContainer#2-2] INFO  SimpleMessageListenerContainer - Waiting for workers to finish.
24-11-19.08:59:51.308 [org.springframework.amqp.rabbit.RabbitListenerEndpointContainer#0-2] INFO  SimpleMessageListenerContainer - Successfully waited for workers to finish.
24-11-19.08:59:51.319 [org.springframework.amqp.rabbit.RabbitListenerEndpointContainer#1-2] INFO  SimpleMessageListenerContainer - Successfully waited for workers to finish.
24-11-19.08:59:51.364 [org.springframework.amqp.rabbit.RabbitListenerEndpointContainer#2-2] INFO  SimpleMessageListenerContainer - Successfully waited for workers to finish.
24-11-19.08:59:51.367 [SpringApplicationShutdownHook] INFO  SimpleMessageListenerContainer - Shutdown ignored - container is already stopped
24-11-19.08:59:51.368 [SpringApplicationShutdownHook] INFO  SimpleMessageListenerContainer - Shutdown ignored - container is already stopped
24-11-19.08:59:51.368 [SpringApplicationShutdownHook] INFO  SimpleMessageListenerContainer - Shutdown ignored - container is already stopped
24-11-19.09:14:19.725 [main            ] INFO  CreditAdjustServiceTest - Starting CreditAdjustServiceTest using Java 1.8.0_181 on yangzihesLaptop with PID 38576 (started by yangz in D:\jdk8\big-market-231202-xfg-init-project\big-market-app)
24-11-19.09:14:19.727 [main            ] INFO  CreditAdjustServiceTest - The following 1 profile is active: "dev"
24-11-19.09:14:22.087 [main            ] INFO  RepositoryConfigurationDelegate - Multiple Spring Data modules found, entering strict repository configuration mode
24-11-19.09:14:22.093 [main            ] INFO  RepositoryConfigurationDelegate - Bootstrapping Spring Data Redis repositories in DEFAULT mode.
24-11-19.09:14:22.247 [main            ] INFO  RepositoryConfigurationDelegate - Finished Spring Data repository scanning in 117 ms. Found 0 Redis repository interfaces.
24-11-19.09:14:25.680 [main            ] INFO  Version                - Redisson 3.26.0
24-11-19.09:14:27.461 [redisson-netty-1-4] INFO  ConnectionsHolder      - 1 connections initialized for 127.0.0.1/127.0.0.1:16379
24-11-19.09:14:27.490 [redisson-netty-1-13] INFO  ConnectionsHolder      - 5 connections initialized for 127.0.0.1/127.0.0.1:16379
24-11-19.09:14:36.127 [main            ] INFO  EndpointLinksResolver  - Exposing 1 endpoint(s) beneath base path '/actuator'
24-11-19.09:14:36.261 [main            ] INFO  CachingConnectionFactory - Attempting to connect to: [127.0.0.1:5672]
24-11-19.09:14:36.418 [main            ] INFO  CachingConnectionFactory - Created new connection: rabbitConnectionFactory#98637a2:0/SimpleConnection@12e3f4ae [delegate=amqp://admin@127.0.0.1:5672/, localPort= 60535]
24-11-19.09:14:36.647 [main            ] INFO  CreditAdjustServiceTest - Started CreditAdjustServiceTest in 17.741 seconds (JVM running for 19.472)
24-11-19.09:14:37.064 [main            ] INFO  CreditAdjustService    - 增加账户积分额度开始 userId:xiaofuge tradeName:REBATE amount:-10.19
24-11-19.09:14:37.134 [main            ] INFO  HikariDataSource       - Retail_HikariCP - Starting...
24-11-19.09:14:37.471 [main            ] INFO  HikariDataSource       - Retail_HikariCP - Start completed.
24-11-19.09:14:37.729 [main            ] ERROR CreditRepository       - 调整账户积分额度异常，唯一索引冲突 userId:xiaofuge orderId:183824407941
org.springframework.dao.DuplicateKeyException: 
### Error updating database.  Cause: java.sql.SQLIntegrityConstraintViolationException: Duplicate entry '20000990991' for key 'user_credit_order_001.uq_out_business_no'
### The error may exist in file [D:\jdk8\big-market-231202-xfg-init-project\big-market-app\target\classes\mybatis\mapper\user_credit_order_mapper.xml]
### The error may involve cn.bugstack.infrastructure.persistent.dao.IUserCreditOrderDao.insert-Inline
### The error occurred while setting parameters
### SQL: insert into user_credit_order_001(user_id, order_id, trade_name, trade_type, trade_amount, out_business_no, create_time, update_time)         values(         ?,?,?,?,?,?,now(),now()         )
### Cause: java.sql.SQLIntegrityConstraintViolationException: Duplicate entry '20000990991' for key 'user_credit_order_001.uq_out_business_no'
; Duplicate entry '20000990991' for key 'user_credit_order_001.uq_out_business_no'; nested exception is java.sql.SQLIntegrityConstraintViolationException: Duplicate entry '20000990991' for key 'user_credit_order_001.uq_out_business_no'
	at org.springframework.jdbc.support.SQLErrorCodeSQLExceptionTranslator.doTranslate(SQLErrorCodeSQLExceptionTranslator.java:247)
	at org.springframework.jdbc.support.AbstractFallbackSQLExceptionTranslator.translate(AbstractFallbackSQLExceptionTranslator.java:70)
	at org.mybatis.spring.MyBatisExceptionTranslator.translateExceptionIfPossible(MyBatisExceptionTranslator.java:91)
	at org.mybatis.spring.SqlSessionTemplate$SqlSessionInterceptor.invoke(SqlSessionTemplate.java:441)
	at com.sun.proxy.$Proxy109.insert(Unknown Source)
	at org.mybatis.spring.SqlSessionTemplate.insert(SqlSessionTemplate.java:272)
	at org.apache.ibatis.binding.MapperMethod.execute(MapperMethod.java:62)
	at org.apache.ibatis.binding.MapperProxy$PlainMethodInvoker.invoke(MapperProxy.java:152)
	at org.apache.ibatis.binding.MapperProxy.invoke(MapperProxy.java:85)
	at com.sun.proxy.$Proxy149.insert(Unknown Source)
	at cn.bugstack.infrastructure.persistent.repository.CreditRepository.lambda$saveUserCreditTradeOrder$0(CreditRepository.java:78)
	at org.springframework.transaction.support.TransactionTemplate.execute(TransactionTemplate.java:140)
	at cn.bugstack.infrastructure.persistent.repository.CreditRepository.saveUserCreditTradeOrder(CreditRepository.java:69)
	at cn.bugstack.domain.credit.service.adjust.CreditAdjustService.createOrder(CreditAdjustService.java:37)
	at cn.bugstack.test.domain.credit.CreditAdjustServiceTest.test_createOrder_reverse(CreditAdjustServiceTest.java:48)
	at sun.reflect.NativeMethodAccessorImpl.invoke0(Native Method)
	at sun.reflect.NativeMethodAccessorImpl.invoke(NativeMethodAccessorImpl.java:62)
	at sun.reflect.DelegatingMethodAccessorImpl.invoke(DelegatingMethodAccessorImpl.java:43)
	at java.lang.reflect.Method.invoke(Method.java:498)
	at org.junit.runners.model.FrameworkMethod$1.runReflectiveCall(FrameworkMethod.java:59)
	at org.junit.internal.runners.model.ReflectiveCallable.run(ReflectiveCallable.java:12)
	at org.junit.runners.model.FrameworkMethod.invokeExplosively(FrameworkMethod.java:56)
	at org.junit.internal.runners.statements.InvokeMethod.evaluate(InvokeMethod.java:17)
	at org.springframework.test.context.junit4.statements.RunBeforeTestExecutionCallbacks.evaluate(RunBeforeTestExecutionCallbacks.java:74)
	at org.springframework.test.context.junit4.statements.RunAfterTestExecutionCallbacks.evaluate(RunAfterTestExecutionCallbacks.java:84)
	at org.springframework.test.context.junit4.statements.RunBeforeTestMethodCallbacks.evaluate(RunBeforeTestMethodCallbacks.java:75)
	at org.springframework.test.context.junit4.statements.RunAfterTestMethodCallbacks.evaluate(RunAfterTestMethodCallbacks.java:86)
	at org.springframework.test.context.junit4.statements.SpringRepeat.evaluate(SpringRepeat.java:84)
	at org.junit.runners.ParentRunner.runLeaf(ParentRunner.java:366)
	at org.springframework.test.context.junit4.SpringJUnit4ClassRunner.runChild(SpringJUnit4ClassRunner.java:251)
	at org.springframework.test.context.junit4.SpringJUnit4ClassRunner.runChild(SpringJUnit4ClassRunner.java:97)
	at org.junit.runners.ParentRunner$4.run(ParentRunner.java:331)
	at org.junit.runners.ParentRunner$1.schedule(ParentRunner.java:79)
	at org.junit.runners.ParentRunner.runChildren(ParentRunner.java:329)
	at org.junit.runners.ParentRunner.access$100(ParentRunner.java:66)
	at org.junit.runners.ParentRunner$2.evaluate(ParentRunner.java:293)
	at org.springframework.test.context.junit4.statements.RunBeforeTestClassCallbacks.evaluate(RunBeforeTestClassCallbacks.java:61)
	at org.springframework.test.context.junit4.statements.RunAfterTestClassCallbacks.evaluate(RunAfterTestClassCallbacks.java:70)
	at org.junit.runners.ParentRunner$3.evaluate(ParentRunner.java:306)
	at org.junit.runners.ParentRunner.run(ParentRunner.java:413)
	at org.springframework.test.context.junit4.SpringJUnit4ClassRunner.run(SpringJUnit4ClassRunner.java:190)
	at org.junit.runner.JUnitCore.run(JUnitCore.java:137)
	at com.intellij.junit4.JUnit4IdeaTestRunner.startRunnerWithArgs(JUnit4IdeaTestRunner.java:69)
	at com.intellij.rt.junit.IdeaTestRunner$Repeater$1.execute(IdeaTestRunner.java:38)
	at com.intellij.rt.execution.junit.TestsRepeater.repeat(TestsRepeater.java:11)
	at com.intellij.rt.junit.IdeaTestRunner$Repeater.startRunnerWithArgs(IdeaTestRunner.java:35)
	at com.intellij.rt.junit.JUnitStarter.prepareStreamsAndStart(JUnitStarter.java:235)
	at com.intellij.rt.junit.JUnitStarter.main(JUnitStarter.java:54)
Caused by: java.sql.SQLIntegrityConstraintViolationException: Duplicate entry '20000990991' for key 'user_credit_order_001.uq_out_business_no'
	at com.mysql.cj.jdbc.exceptions.SQLError.createSQLException(SQLError.java:117)
	at com.mysql.cj.jdbc.exceptions.SQLError.createSQLException(SQLError.java:97)
	at com.mysql.cj.jdbc.exceptions.SQLExceptionsMapping.translateException(SQLExceptionsMapping.java:122)
	at com.mysql.cj.jdbc.ClientPreparedStatement.executeInternal(ClientPreparedStatement.java:953)
	at com.mysql.cj.jdbc.ClientPreparedStatement.execute(ClientPreparedStatement.java:370)
	at com.zaxxer.hikari.pool.ProxyPreparedStatement.execute(ProxyPreparedStatement.java:44)
	at com.zaxxer.hikari.pool.HikariProxyPreparedStatement.execute(HikariProxyPreparedStatement.java)
	at org.apache.ibatis.executor.statement.PreparedStatementHandler.update(PreparedStatementHandler.java:47)
	at org.apache.ibatis.executor.statement.RoutingStatementHandler.update(RoutingStatementHandler.java:74)
	at sun.reflect.NativeMethodAccessorImpl.invoke0(Native Method)
	at sun.reflect.NativeMethodAccessorImpl.invoke(NativeMethodAccessorImpl.java:62)
	at sun.reflect.DelegatingMethodAccessorImpl.invoke(DelegatingMethodAccessorImpl.java:43)
	at java.lang.reflect.Method.invoke(Method.java:498)
	at org.apache.ibatis.plugin.Plugin.invoke(Plugin.java:63)
	at com.sun.proxy.$Proxy206.update(Unknown Source)
	at org.apache.ibatis.executor.SimpleExecutor.doUpdate(SimpleExecutor.java:50)
	at org.apache.ibatis.executor.BaseExecutor.update(BaseExecutor.java:117)
	at org.apache.ibatis.executor.CachingExecutor.update(CachingExecutor.java:76)
	at org.apache.ibatis.session.defaults.DefaultSqlSession.update(DefaultSqlSession.java:197)
	at org.apache.ibatis.session.defaults.DefaultSqlSession.insert(DefaultSqlSession.java:184)
	at sun.reflect.NativeMethodAccessorImpl.invoke0(Native Method)
	at sun.reflect.NativeMethodAccessorImpl.invoke(NativeMethodAccessorImpl.java:62)
	at sun.reflect.DelegatingMethodAccessorImpl.invoke(DelegatingMethodAccessorImpl.java:43)
	at java.lang.reflect.Method.invoke(Method.java:498)
	at org.mybatis.spring.SqlSessionTemplate$SqlSessionInterceptor.invoke(SqlSessionTemplate.java:427)
	... 44 common frames omitted
24-11-19.09:14:37.759 [main            ] INFO  CreditAdjustService    - 增加账户积分额度完成 userId:xiaofuge orderId:183824407941
24-11-19.09:14:37.793 [org.springframework.amqp.rabbit.RabbitListenerEndpointContainer#0-2] INFO  SimpleMessageListenerContainer - Waiting for workers to finish.
24-11-19.09:14:37.796 [org.springframework.amqp.rabbit.RabbitListenerEndpointContainer#1-2] INFO  SimpleMessageListenerContainer - Waiting for workers to finish.
24-11-19.09:14:37.799 [org.springframework.amqp.rabbit.RabbitListenerEndpointContainer#2-2] INFO  SimpleMessageListenerContainer - Waiting for workers to finish.
24-11-19.09:14:38.598 [org.springframework.amqp.rabbit.RabbitListenerEndpointContainer#0-2] INFO  SimpleMessageListenerContainer - Successfully waited for workers to finish.
24-11-19.09:14:38.608 [org.springframework.amqp.rabbit.RabbitListenerEndpointContainer#1-2] INFO  SimpleMessageListenerContainer - Successfully waited for workers to finish.
24-11-19.09:14:38.640 [org.springframework.amqp.rabbit.RabbitListenerEndpointContainer#2-2] INFO  SimpleMessageListenerContainer - Successfully waited for workers to finish.
24-11-19.09:14:38.645 [SpringApplicationShutdownHook] INFO  SimpleMessageListenerContainer - Shutdown ignored - container is already stopped
24-11-19.09:14:38.646 [SpringApplicationShutdownHook] INFO  SimpleMessageListenerContainer - Shutdown ignored - container is already stopped
24-11-19.09:14:38.646 [SpringApplicationShutdownHook] INFO  SimpleMessageListenerContainer - Shutdown ignored - container is already stopped
24-11-19.10:45:58.988 [main            ] INFO  RaffleActivityControllerTest - Starting RaffleActivityControllerTest using Java 1.8.0_181 on yangzihesLaptop with PID 37036 (started by yangz in D:\jdk8\big-market-231202-xfg-init-project\big-market-app)
24-11-19.10:45:58.989 [main            ] INFO  RaffleActivityControllerTest - The following 1 profile is active: "dev"
24-11-19.10:46:00.769 [main            ] INFO  RepositoryConfigurationDelegate - Multiple Spring Data modules found, entering strict repository configuration mode
24-11-19.10:46:00.772 [main            ] INFO  RepositoryConfigurationDelegate - Bootstrapping Spring Data Redis repositories in DEFAULT mode.
24-11-19.10:46:00.856 [main            ] INFO  RepositoryConfigurationDelegate - Finished Spring Data repository scanning in 59 ms. Found 0 Redis repository interfaces.
24-11-19.10:46:04.063 [main            ] INFO  Version                - Redisson 3.26.0
24-11-19.10:46:05.543 [redisson-netty-1-4] INFO  ConnectionsHolder      - 1 connections initialized for 127.0.0.1/127.0.0.1:16379
24-11-19.10:46:05.569 [redisson-netty-1-13] INFO  ConnectionsHolder      - 5 connections initialized for 127.0.0.1/127.0.0.1:16379
24-11-19.10:46:12.233 [main            ] INFO  EndpointLinksResolver  - Exposing 1 endpoint(s) beneath base path '/actuator'
24-11-19.10:46:12.351 [main            ] INFO  CachingConnectionFactory - Attempting to connect to: [127.0.0.1:5672]
24-11-19.10:46:12.479 [main            ] INFO  CachingConnectionFactory - Created new connection: rabbitConnectionFactory#5908e6d6:0/SimpleConnection@57515944 [delegate=amqp://admin@127.0.0.1:5672/, localPort= 51807]
24-11-19.10:46:12.651 [main            ] INFO  RaffleActivityControllerTest - Started RaffleActivityControllerTest in 14.119 seconds (JVM running for 15.09)
24-11-19.10:46:13.188 [main            ] INFO  HikariDataSource       - Retail_HikariCP - Starting...
24-11-19.10:46:13.562 [main            ] INFO  HikariDataSource       - Retail_HikariCP - Start completed.
24-11-19.10:46:13.700 [main            ] INFO  RaffleActivityControllerTest - 装配活动：true
24-11-19.10:46:13.702 [main            ] INFO  RaffleActivityController - 日历签到返利开始 userId:xiaofuge
24-11-19.10:46:13.723 [main            ] INFO  HikariDataSource       - Retail_HikariCP - Starting...
24-11-19.10:46:13.758 [main            ] INFO  HikariDataSource       - Retail_HikariCP - Start completed.
24-11-19.10:46:14.100 [main            ] INFO  EventPublisher         - 发送MQ消息 topic:send_rebate message:{"data":{"bizId":"xiaofuge_integral_20241119","rebateConfig":"10","rebateType":"integral","userId":"xiaofuge"},"id":"68429611065","timestamp":1731984373714}
24-11-19.10:46:14.130 [org.springframework.amqp.rabbit.RabbitListenerEndpointContainer#1-1] INFO  RebateMessageCustomer  - 监听用户行为返利消息 topic: send_rebate message: {"data":{"bizId":"xiaofuge_integral_20241119","rebateConfig":"10","rebateType":"integral","userId":"xiaofuge"},"id":"68429611065","timestamp":1731984373714}
24-11-19.10:46:14.139 [main            ] INFO  RaffleActivityController - 日历签到返利完成 userId:xiaofuge orderIds: ["998571991819"]
24-11-19.10:46:14.149 [main            ] INFO  RaffleActivityControllerTest - 测试结果：{"code":"0000","data":true,"info":"调用成功"}
24-11-19.10:46:14.177 [org.springframework.amqp.rabbit.RabbitListenerEndpointContainer#0-2] INFO  SimpleMessageListenerContainer - Waiting for workers to finish.
24-11-19.10:46:14.179 [org.springframework.amqp.rabbit.RabbitListenerEndpointContainer#1-1] INFO  CreditAdjustService    - 增加账户积分额度开始 userId:xiaofuge tradeName:REBATE amount:10
24-11-19.10:46:14.179 [org.springframework.amqp.rabbit.RabbitListenerEndpointContainer#1-2] INFO  SimpleMessageListenerContainer - Waiting for workers to finish.
24-11-19.10:46:14.181 [org.springframework.amqp.rabbit.RabbitListenerEndpointContainer#2-2] INFO  SimpleMessageListenerContainer - Waiting for workers to finish.
24-11-19.10:46:14.259 [org.springframework.amqp.rabbit.RabbitListenerEndpointContainer#1-1] INFO  CreditAdjustService    - 增加账户积分额度完成 userId:xiaofuge orderId:019498610885
24-11-19.10:46:14.265 [org.springframework.amqp.rabbit.RabbitListenerEndpointContainer#1-2] INFO  SimpleMessageListenerContainer - Successfully waited for workers to finish.
24-11-19.10:46:14.616 [org.springframework.amqp.rabbit.RabbitListenerEndpointContainer#0-2] INFO  SimpleMessageListenerContainer - Successfully waited for workers to finish.
24-11-19.10:46:14.646 [org.springframework.amqp.rabbit.RabbitListenerEndpointContainer#2-2] INFO  SimpleMessageListenerContainer - Successfully waited for workers to finish.
24-11-19.10:46:14.648 [SpringApplicationShutdownHook] INFO  SimpleMessageListenerContainer - Shutdown ignored - container is already stopped
24-11-19.10:46:14.652 [SpringApplicationShutdownHook] INFO  SimpleMessageListenerContainer - Shutdown ignored - container is already stopped
24-11-19.10:46:14.653 [SpringApplicationShutdownHook] INFO  SimpleMessageListenerContainer - Shutdown ignored - container is already stopped
24-11-19.10:51:51.884 [main            ] INFO  RaffleActivityControllerTest - Starting RaffleActivityControllerTest using Java 1.8.0_181 on yangzihesLaptop with PID 42196 (started by yangz in D:\jdk8\big-market-231202-xfg-init-project\big-market-app)
24-11-19.10:51:51.886 [main            ] INFO  RaffleActivityControllerTest - The following 1 profile is active: "dev"
24-11-19.10:51:54.100 [main            ] INFO  RepositoryConfigurationDelegate - Multiple Spring Data modules found, entering strict repository configuration mode
24-11-19.10:51:54.107 [main            ] INFO  RepositoryConfigurationDelegate - Bootstrapping Spring Data Redis repositories in DEFAULT mode.
24-11-19.10:51:54.219 [main            ] INFO  RepositoryConfigurationDelegate - Finished Spring Data repository scanning in 81 ms. Found 0 Redis repository interfaces.
24-11-19.10:51:57.306 [main            ] INFO  Version                - Redisson 3.26.0
24-11-19.10:51:58.747 [redisson-netty-1-4] INFO  ConnectionsHolder      - 1 connections initialized for 127.0.0.1/127.0.0.1:16379
24-11-19.10:51:58.769 [redisson-netty-1-13] INFO  ConnectionsHolder      - 5 connections initialized for 127.0.0.1/127.0.0.1:16379
24-11-19.10:52:06.149 [main            ] INFO  EndpointLinksResolver  - Exposing 1 endpoint(s) beneath base path '/actuator'
24-11-19.10:52:06.292 [main            ] INFO  CachingConnectionFactory - Attempting to connect to: [127.0.0.1:5672]
24-11-19.10:52:06.395 [main            ] INFO  CachingConnectionFactory - Created new connection: rabbitConnectionFactory#17e6d07b:0/SimpleConnection@6d4df1d2 [delegate=amqp://admin@127.0.0.1:5672/, localPort= 53171]
24-11-19.10:52:06.542 [main            ] INFO  RaffleActivityControllerTest - Started RaffleActivityControllerTest in 15.593 seconds (JVM running for 17.586)
24-11-19.10:52:07.033 [main            ] INFO  HikariDataSource       - Retail_HikariCP - Starting...
24-11-19.10:52:07.340 [main            ] INFO  HikariDataSource       - Retail_HikariCP - Start completed.
24-11-19.10:52:07.490 [main            ] INFO  RaffleActivityControllerTest - 装配活动：true
24-11-19.10:52:54.789 [main            ] INFO  RaffleActivityController - 日历签到返利开始 userId:xiaofuge
24-11-19.10:55:32.653 [main            ] INFO  HikariDataSource       - Retail_HikariCP - Starting...
24-11-19.10:55:32.777 [main            ] INFO  HikariDataSource       - Retail_HikariCP - Start completed.
24-11-19.10:55:56.093 [main            ] INFO  EventPublisher         - 发送MQ消息 topic:send_rebate message:{"data":{"bizId":"xiaofuge_sku_20241119","rebateConfig":"9011","rebateType":"sku","userId":"xiaofuge"},"id":"47544441731","timestamp":1731984790804}
24-11-19.10:55:56.105 [org.springframework.amqp.rabbit.RabbitListenerEndpointContainer#1-1] INFO  RebateMessageCustomer  - 监听用户行为返利消息 topic: send_rebate message: {"data":{"bizId":"xiaofuge_sku_20241119","rebateConfig":"9011","rebateType":"sku","userId":"xiaofuge"},"id":"47544441731","timestamp":1731984790804}
24-11-19.10:55:56.112 [main            ] INFO  EventPublisher         - 发送MQ消息 topic:send_rebate message:{"data":{"bizId":"xiaofuge_integral_20241119","rebateConfig":"10","rebateType":"integral","userId":"xiaofuge"},"id":"86044563682","timestamp":1731984805572}
24-11-19.10:55:56.121 [main            ] INFO  RaffleActivityController - 日历签到返利完成 userId:xiaofuge orderIds: ["034714135930","739483227009"]
24-11-19.10:55:56.128 [main            ] INFO  RaffleActivityControllerTest - 测试结果：{"code":"0000","data":true,"info":"调用成功"}
24-11-19.10:55:56.153 [org.springframework.amqp.rabbit.RabbitListenerEndpointContainer#1-1] INFO  ActivityBaseActionChain - 活动责任链-基础信息【有效期、状态、库存(sku)】校验开始。sku:9011 activityId:100301
24-11-19.10:55:56.153 [org.springframework.amqp.rabbit.RabbitListenerEndpointContainer#1-1] INFO  ActivitySkuStockActionChain - 活动责任链-商品库存处理【有效期、状态、库存(sku)】开始。sku:9011 activityId:100301
24-11-19.10:55:56.160 [org.springframework.amqp.rabbit.RabbitListenerEndpointContainer#1-1] INFO  ActivitySkuStockActionChain - 活动责任链-商品库存处理【有效期、状态、库存(sku)】成功。sku:9011 activityId:100301
24-11-19.10:55:56.229 [org.springframework.amqp.rabbit.RabbitListenerEndpointContainer#1-1] INFO  ActivityRepository     - 订单成功写入---------
24-11-19.10:55:56.280 [org.springframework.amqp.rabbit.RabbitListenerEndpointContainer#1-1] INFO  RebateMessageCustomer  - 监听用户行为返利消息 topic: send_rebate message: {"data":{"bizId":"xiaofuge_integral_20241119","rebateConfig":"10","rebateType":"integral","userId":"xiaofuge"},"id":"86044563682","timestamp":1731984805572}
24-11-19.10:55:56.284 [org.springframework.amqp.rabbit.RabbitListenerEndpointContainer#1-1] INFO  CreditAdjustService    - 增加账户积分额度开始 userId:xiaofuge tradeName:REBATE amount:10
24-11-19.10:56:22.393 [org.springframework.amqp.rabbit.RabbitListenerEndpointContainer#1-1] ERROR RebateMessageCustomer  - 监听用户行为返利消息，消费失败 topic: send_rebate message: {"data":{"bizId":"xiaofuge_integral_20241119","rebateConfig":"10","rebateType":"integral","userId":"xiaofuge"},"id":"86044563682","timestamp":1731984805572}
java.lang.IllegalMonitorStateException: attempt to unlock lock, not locked by current thread by node id: ecc3a389-4766-48c2-8755-edde80664ed8 thread-id: 55
	at org.redisson.RedissonBaseLock.lambda$unlockAsync0$2(RedissonBaseLock.java:301)
	at java.util.concurrent.CompletableFuture.uniHandle(CompletableFuture.java:822)
	at java.util.concurrent.CompletableFuture$UniHandle.tryFire(CompletableFuture.java:797)
	at java.util.concurrent.CompletableFuture.postComplete(CompletableFuture.java:474)
	at java.util.concurrent.CompletableFuture.complete(CompletableFuture.java:1962)
	at org.redisson.command.CommandBatchService.lambda$executeAsync$7(CommandBatchService.java:371)
	at java.util.concurrent.CompletableFuture.uniWhenComplete(CompletableFuture.java:760)
	at java.util.concurrent.CompletableFuture$UniWhenComplete.tryFire(CompletableFuture.java:736)
	at java.util.concurrent.CompletableFuture.postComplete(CompletableFuture.java:474)
	at java.util.concurrent.CompletableFuture.complete(CompletableFuture.java:1962)
	at org.redisson.command.CommandBatchService.lambda$execute$9(CommandBatchService.java:486)
	at java.util.concurrent.CompletableFuture.uniWhenComplete(CompletableFuture.java:760)
	at java.util.concurrent.CompletableFuture$UniWhenComplete.tryFire(CompletableFuture.java:736)
	at java.util.concurrent.CompletableFuture.postComplete(CompletableFuture.java:474)
	at java.util.concurrent.CompletableFuture.complete(CompletableFuture.java:1962)
	at org.redisson.command.RedisExecutor.handleSuccess(RedisExecutor.java:625)
	at org.redisson.command.RedisCommonBatchExecutor.handleResult(RedisCommonBatchExecutor.java:177)
	at org.redisson.command.RedisExecutor.checkAttemptPromise(RedisExecutor.java:583)
	at org.redisson.command.RedisExecutor.lambda$execute$5(RedisExecutor.java:196)
	at java.util.concurrent.CompletableFuture.uniWhenComplete(CompletableFuture.java:760)
	at java.util.concurrent.CompletableFuture$UniWhenComplete.tryFire(CompletableFuture.java:736)
	at java.util.concurrent.CompletableFuture.postComplete(CompletableFuture.java:474)
	at java.util.concurrent.CompletableFuture.complete(CompletableFuture.java:1962)
	at org.redisson.client.handler.CommandDecoder.decodeCommandBatch(CommandDecoder.java:337)
	at org.redisson.client.handler.CommandDecoder.decodeCommand(CommandDecoder.java:228)
	at org.redisson.client.handler.CommandDecoder.decode(CommandDecoder.java:144)
	at org.redisson.client.handler.CommandDecoder.decode(CommandDecoder.java:120)
	at io.netty.handler.codec.ByteToMessageDecoder.decodeRemovalReentryProtection(ByteToMessageDecoder.java:529)
	at io.netty.handler.codec.ReplayingDecoder.callDecode(ReplayingDecoder.java:366)
	at io.netty.handler.codec.ByteToMessageDecoder.channelRead(ByteToMessageDecoder.java:290)
	at io.netty.channel.AbstractChannelHandlerContext.invokeChannelRead(AbstractChannelHandlerContext.java:444)
	at io.netty.channel.AbstractChannelHandlerContext.invokeChannelRead(AbstractChannelHandlerContext.java:420)
	at io.netty.channel.AbstractChannelHandlerContext.fireChannelRead(AbstractChannelHandlerContext.java:412)
	at io.netty.channel.DefaultChannelPipeline$HeadContext.channelRead(DefaultChannelPipeline.java:1410)
	at io.netty.channel.AbstractChannelHandlerContext.invokeChannelRead(AbstractChannelHandlerContext.java:440)
	at io.netty.channel.AbstractChannelHandlerContext.invokeChannelRead(AbstractChannelHandlerContext.java:420)
	at io.netty.channel.DefaultChannelPipeline.fireChannelRead(DefaultChannelPipeline.java:919)
	at io.netty.channel.nio.AbstractNioByteChannel$NioByteUnsafe.read(AbstractNioByteChannel.java:166)
	at io.netty.channel.nio.NioEventLoop.processSelectedKey(NioEventLoop.java:788)
	at io.netty.channel.nio.NioEventLoop.processSelectedKeysOptimized(NioEventLoop.java:724)
	at io.netty.channel.nio.NioEventLoop.processSelectedKeys(NioEventLoop.java:650)
	at io.netty.channel.nio.NioEventLoop.run(NioEventLoop.java:562)
	at io.netty.util.concurrent.SingleThreadEventExecutor$4.run(SingleThreadEventExecutor.java:997)
	at io.netty.util.internal.ThreadExecutorMap$2.run(ThreadExecutorMap.java:74)
	at io.netty.util.concurrent.FastThreadLocalRunnable.run(FastThreadLocalRunnable.java:30)
	at java.lang.Thread.run(Thread.java:748)
24-11-19.10:56:22.394 [org.springframework.amqp.rabbit.RabbitListenerEndpointContainer#1-1] WARN  ConditionalRejectingErrorHandler - Execution of Rabbit message listener failed.
org.springframework.amqp.rabbit.support.ListenerExecutionFailedException: Listener method 'public void cn.bugstack.trigger.listener.RebateMessageCustomer.listener(java.lang.String)' threw exception
	at org.springframework.amqp.rabbit.listener.adapter.MessagingMessageListenerAdapter.invokeHandler(MessagingMessageListenerAdapter.java:272)
	at org.springframework.amqp.rabbit.listener.adapter.MessagingMessageListenerAdapter.invokeHandlerAndProcessResult(MessagingMessageListenerAdapter.java:209)
	at org.springframework.amqp.rabbit.listener.adapter.MessagingMessageListenerAdapter.onMessage(MessagingMessageListenerAdapter.java:148)
	at org.springframework.amqp.rabbit.listener.AbstractMessageListenerContainer.doInvokeListener(AbstractMessageListenerContainer.java:1674)
	at org.springframework.amqp.rabbit.listener.AbstractMessageListenerContainer.actualInvokeListener(AbstractMessageListenerContainer.java:1593)
	at org.springframework.amqp.rabbit.listener.AbstractMessageListenerContainer.invokeListener(AbstractMessageListenerContainer.java:1581)
	at org.springframework.amqp.rabbit.listener.AbstractMessageListenerContainer.doExecuteListener(AbstractMessageListenerContainer.java:1572)
	at org.springframework.amqp.rabbit.listener.AbstractMessageListenerContainer.executeListener(AbstractMessageListenerContainer.java:1516)
	at org.springframework.amqp.rabbit.listener.SimpleMessageListenerContainer.doReceiveAndExecute(SimpleMessageListenerContainer.java:1001)
	at org.springframework.amqp.rabbit.listener.SimpleMessageListenerContainer.receiveAndExecute(SimpleMessageListenerContainer.java:948)
	at org.springframework.amqp.rabbit.listener.SimpleMessageListenerContainer.access$1600(SimpleMessageListenerContainer.java:86)
	at org.springframework.amqp.rabbit.listener.SimpleMessageListenerContainer$AsyncMessageProcessingConsumer.mainLoop(SimpleMessageListenerContainer.java:1326)
	at org.springframework.amqp.rabbit.listener.SimpleMessageListenerContainer$AsyncMessageProcessingConsumer.run(SimpleMessageListenerContainer.java:1232)
	at java.lang.Thread.run(Thread.java:748)
Caused by: java.lang.IllegalMonitorStateException: attempt to unlock lock, not locked by current thread by node id: ecc3a389-4766-48c2-8755-edde80664ed8 thread-id: 55
	at org.redisson.RedissonBaseLock.lambda$unlockAsync0$2(RedissonBaseLock.java:301)
	at java.util.concurrent.CompletableFuture.uniHandle(CompletableFuture.java:822)
	at java.util.concurrent.CompletableFuture$UniHandle.tryFire(CompletableFuture.java:797)
	at java.util.concurrent.CompletableFuture.postComplete(CompletableFuture.java:474)
	at java.util.concurrent.CompletableFuture.complete(CompletableFuture.java:1962)
	at org.redisson.command.CommandBatchService.lambda$executeAsync$7(CommandBatchService.java:371)
	at java.util.concurrent.CompletableFuture.uniWhenComplete(CompletableFuture.java:760)
	at java.util.concurrent.CompletableFuture$UniWhenComplete.tryFire(CompletableFuture.java:736)
	at java.util.concurrent.CompletableFuture.postComplete(CompletableFuture.java:474)
	at java.util.concurrent.CompletableFuture.complete(CompletableFuture.java:1962)
	at org.redisson.command.CommandBatchService.lambda$execute$9(CommandBatchService.java:486)
	at java.util.concurrent.CompletableFuture.uniWhenComplete(CompletableFuture.java:760)
	at java.util.concurrent.CompletableFuture$UniWhenComplete.tryFire(CompletableFuture.java:736)
	at java.util.concurrent.CompletableFuture.postComplete(CompletableFuture.java:474)
	at java.util.concurrent.CompletableFuture.complete(CompletableFuture.java:1962)
	at org.redisson.command.RedisExecutor.handleSuccess(RedisExecutor.java:625)
	at org.redisson.command.RedisCommonBatchExecutor.handleResult(RedisCommonBatchExecutor.java:177)
	at org.redisson.command.RedisExecutor.checkAttemptPromise(RedisExecutor.java:583)
	at org.redisson.command.RedisExecutor.lambda$execute$5(RedisExecutor.java:196)
	at java.util.concurrent.CompletableFuture.uniWhenComplete(CompletableFuture.java:760)
	at java.util.concurrent.CompletableFuture$UniWhenComplete.tryFire(CompletableFuture.java:736)
	at java.util.concurrent.CompletableFuture.postComplete(CompletableFuture.java:474)
	at java.util.concurrent.CompletableFuture.complete(CompletableFuture.java:1962)
	at org.redisson.client.handler.CommandDecoder.decodeCommandBatch(CommandDecoder.java:337)
	at org.redisson.client.handler.CommandDecoder.decodeCommand(CommandDecoder.java:228)
	at org.redisson.client.handler.CommandDecoder.decode(CommandDecoder.java:144)
	at org.redisson.client.handler.CommandDecoder.decode(CommandDecoder.java:120)
	at io.netty.handler.codec.ByteToMessageDecoder.decodeRemovalReentryProtection(ByteToMessageDecoder.java:529)
	at io.netty.handler.codec.ReplayingDecoder.callDecode(ReplayingDecoder.java:366)
	at io.netty.handler.codec.ByteToMessageDecoder.channelRead(ByteToMessageDecoder.java:290)
	at io.netty.channel.AbstractChannelHandlerContext.invokeChannelRead(AbstractChannelHandlerContext.java:444)
	at io.netty.channel.AbstractChannelHandlerContext.invokeChannelRead(AbstractChannelHandlerContext.java:420)
	at io.netty.channel.AbstractChannelHandlerContext.fireChannelRead(AbstractChannelHandlerContext.java:412)
	at io.netty.channel.DefaultChannelPipeline$HeadContext.channelRead(DefaultChannelPipeline.java:1410)
	at io.netty.channel.AbstractChannelHandlerContext.invokeChannelRead(AbstractChannelHandlerContext.java:440)
	at io.netty.channel.AbstractChannelHandlerContext.invokeChannelRead(AbstractChannelHandlerContext.java:420)
	at io.netty.channel.DefaultChannelPipeline.fireChannelRead(DefaultChannelPipeline.java:919)
	at io.netty.channel.nio.AbstractNioByteChannel$NioByteUnsafe.read(AbstractNioByteChannel.java:166)
	at io.netty.channel.nio.NioEventLoop.processSelectedKey(NioEventLoop.java:788)
	at io.netty.channel.nio.NioEventLoop.processSelectedKeysOptimized(NioEventLoop.java:724)
	at io.netty.channel.nio.NioEventLoop.processSelectedKeys(NioEventLoop.java:650)
	at io.netty.channel.nio.NioEventLoop.run(NioEventLoop.java:562)
	at io.netty.util.concurrent.SingleThreadEventExecutor$4.run(SingleThreadEventExecutor.java:997)
	at io.netty.util.internal.ThreadExecutorMap$2.run(ThreadExecutorMap.java:74)
	at io.netty.util.concurrent.FastThreadLocalRunnable.run(FastThreadLocalRunnable.java:30)
	... 1 common frames omitted
24-11-19.10:56:22.400 [org.springframework.amqp.rabbit.RabbitListenerEndpointContainer#1-1] INFO  RebateMessageCustomer  - 监听用户行为返利消息 topic: send_rebate message: {"data":{"bizId":"xiaofuge_integral_20241119","rebateConfig":"10","rebateType":"integral","userId":"xiaofuge"},"id":"86044563682","timestamp":1731984805572}
24-11-19.10:56:22.400 [org.springframework.amqp.rabbit.RabbitListenerEndpointContainer#1-1] INFO  CreditAdjustService    - 增加账户积分额度开始 userId:xiaofuge tradeName:REBATE amount:10
24-11-19.10:56:28.360 [org.springframework.amqp.rabbit.RabbitListenerEndpointContainer#1-1] ERROR CreditRepository       - 调整账户积分额度异常，唯一索引冲突 userId:xiaofuge orderId:344662320100
org.springframework.dao.DuplicateKeyException: 
### Error updating database.  Cause: java.sql.SQLIntegrityConstraintViolationException: Duplicate entry 'xiaofuge_integral_20241119' for key 'user_credit_order_001.uq_out_business_no'
### The error may exist in file [D:\jdk8\big-market-231202-xfg-init-project\big-market-app\target\classes\mybatis\mapper\user_credit_order_mapper.xml]
### The error may involve cn.bugstack.infrastructure.persistent.dao.IUserCreditOrderDao.insert-Inline
### The error occurred while setting parameters
### SQL: insert into user_credit_order_001(user_id, order_id, trade_name, trade_type, trade_amount, out_business_no, create_time, update_time)         values(         ?,?,?,?,?,?,now(),now()         )
### Cause: java.sql.SQLIntegrityConstraintViolationException: Duplicate entry 'xiaofuge_integral_20241119' for key 'user_credit_order_001.uq_out_business_no'
; Duplicate entry 'xiaofuge_integral_20241119' for key 'user_credit_order_001.uq_out_business_no'; nested exception is java.sql.SQLIntegrityConstraintViolationException: Duplicate entry 'xiaofuge_integral_20241119' for key 'user_credit_order_001.uq_out_business_no'
	at org.springframework.jdbc.support.SQLErrorCodeSQLExceptionTranslator.doTranslate(SQLErrorCodeSQLExceptionTranslator.java:247)
	at org.springframework.jdbc.support.AbstractFallbackSQLExceptionTranslator.translate(AbstractFallbackSQLExceptionTranslator.java:70)
	at org.mybatis.spring.MyBatisExceptionTranslator.translateExceptionIfPossible(MyBatisExceptionTranslator.java:91)
	at org.mybatis.spring.SqlSessionTemplate$SqlSessionInterceptor.invoke(SqlSessionTemplate.java:441)
	at com.sun.proxy.$Proxy110.insert(Unknown Source)
	at org.mybatis.spring.SqlSessionTemplate.insert(SqlSessionTemplate.java:272)
	at org.apache.ibatis.binding.MapperMethod.execute(MapperMethod.java:62)
	at org.apache.ibatis.binding.MapperProxy$PlainMethodInvoker.invoke(MapperProxy.java:152)
	at org.apache.ibatis.binding.MapperProxy.invoke(MapperProxy.java:85)
	at com.sun.proxy.$Proxy150.insert(Unknown Source)
	at cn.bugstack.infrastructure.persistent.repository.CreditRepository.lambda$saveUserCreditTradeOrder$0(CreditRepository.java:78)
	at org.springframework.transaction.support.TransactionTemplate.execute(TransactionTemplate.java:140)
	at cn.bugstack.infrastructure.persistent.repository.CreditRepository.saveUserCreditTradeOrder(CreditRepository.java:69)
	at cn.bugstack.domain.credit.service.adjust.CreditAdjustService.createOrder(CreditAdjustService.java:37)
	at cn.bugstack.trigger.listener.RebateMessageCustomer.listener(RebateMessageCustomer.java:75)
	at sun.reflect.NativeMethodAccessorImpl.invoke0(Native Method)
	at sun.reflect.NativeMethodAccessorImpl.invoke(NativeMethodAccessorImpl.java:62)
	at sun.reflect.DelegatingMethodAccessorImpl.invoke(DelegatingMethodAccessorImpl.java:43)
	at java.lang.reflect.Method.invoke(Method.java:498)
	at org.springframework.messaging.handler.invocation.InvocableHandlerMethod.doInvoke(InvocableHandlerMethod.java:169)
	at org.springframework.messaging.handler.invocation.InvocableHandlerMethod.invoke(InvocableHandlerMethod.java:119)
	at org.springframework.amqp.rabbit.listener.adapter.HandlerAdapter.invoke(HandlerAdapter.java:77)
	at org.springframework.amqp.rabbit.listener.adapter.MessagingMessageListenerAdapter.invokeHandler(MessagingMessageListenerAdapter.java:263)
	at org.springframework.amqp.rabbit.listener.adapter.MessagingMessageListenerAdapter.invokeHandlerAndProcessResult(MessagingMessageListenerAdapter.java:209)
	at org.springframework.amqp.rabbit.listener.adapter.MessagingMessageListenerAdapter.onMessage(MessagingMessageListenerAdapter.java:148)
	at org.springframework.amqp.rabbit.listener.AbstractMessageListenerContainer.doInvokeListener(AbstractMessageListenerContainer.java:1674)
	at org.springframework.amqp.rabbit.listener.AbstractMessageListenerContainer.actualInvokeListener(AbstractMessageListenerContainer.java:1593)
	at org.springframework.amqp.rabbit.listener.AbstractMessageListenerContainer.invokeListener(AbstractMessageListenerContainer.java:1581)
	at org.springframework.amqp.rabbit.listener.AbstractMessageListenerContainer.doExecuteListener(AbstractMessageListenerContainer.java:1572)
	at org.springframework.amqp.rabbit.listener.AbstractMessageListenerContainer.executeListener(AbstractMessageListenerContainer.java:1516)
	at org.springframework.amqp.rabbit.listener.SimpleMessageListenerContainer.doReceiveAndExecute(SimpleMessageListenerContainer.java:1001)
	at org.springframework.amqp.rabbit.listener.SimpleMessageListenerContainer.receiveAndExecute(SimpleMessageListenerContainer.java:948)
	at org.springframework.amqp.rabbit.listener.SimpleMessageListenerContainer.access$1600(SimpleMessageListenerContainer.java:86)
	at org.springframework.amqp.rabbit.listener.SimpleMessageListenerContainer$AsyncMessageProcessingConsumer.mainLoop(SimpleMessageListenerContainer.java:1326)
	at org.springframework.amqp.rabbit.listener.SimpleMessageListenerContainer$AsyncMessageProcessingConsumer.run(SimpleMessageListenerContainer.java:1232)
	at java.lang.Thread.run(Thread.java:748)
Caused by: java.sql.SQLIntegrityConstraintViolationException: Duplicate entry 'xiaofuge_integral_20241119' for key 'user_credit_order_001.uq_out_business_no'
	at com.mysql.cj.jdbc.exceptions.SQLError.createSQLException(SQLError.java:117)
	at com.mysql.cj.jdbc.exceptions.SQLError.createSQLException(SQLError.java:97)
	at com.mysql.cj.jdbc.exceptions.SQLExceptionsMapping.translateException(SQLExceptionsMapping.java:122)
	at com.mysql.cj.jdbc.ClientPreparedStatement.executeInternal(ClientPreparedStatement.java:953)
	at com.mysql.cj.jdbc.ClientPreparedStatement.execute(ClientPreparedStatement.java:370)
	at com.zaxxer.hikari.pool.ProxyPreparedStatement.execute(ProxyPreparedStatement.java:44)
	at com.zaxxer.hikari.pool.HikariProxyPreparedStatement.execute(HikariProxyPreparedStatement.java)
	at org.apache.ibatis.executor.statement.PreparedStatementHandler.update(PreparedStatementHandler.java:47)
	at org.apache.ibatis.executor.statement.RoutingStatementHandler.update(RoutingStatementHandler.java:74)
	at sun.reflect.NativeMethodAccessorImpl.invoke0(Native Method)
	at sun.reflect.NativeMethodAccessorImpl.invoke(NativeMethodAccessorImpl.java:62)
	at sun.reflect.DelegatingMethodAccessorImpl.invoke(DelegatingMethodAccessorImpl.java:43)
	at java.lang.reflect.Method.invoke(Method.java:498)
	at org.apache.ibatis.plugin.Plugin.invoke(Plugin.java:63)
	at com.sun.proxy.$Proxy207.update(Unknown Source)
	at org.apache.ibatis.executor.SimpleExecutor.doUpdate(SimpleExecutor.java:50)
	at org.apache.ibatis.executor.BaseExecutor.update(BaseExecutor.java:117)
	at org.apache.ibatis.executor.CachingExecutor.update(CachingExecutor.java:76)
	at org.apache.ibatis.session.defaults.DefaultSqlSession.update(DefaultSqlSession.java:197)
	at org.apache.ibatis.session.defaults.DefaultSqlSession.insert(DefaultSqlSession.java:184)
	at sun.reflect.NativeMethodAccessorImpl.invoke0(Native Method)
	at sun.reflect.NativeMethodAccessorImpl.invoke(NativeMethodAccessorImpl.java:62)
	at sun.reflect.DelegatingMethodAccessorImpl.invoke(DelegatingMethodAccessorImpl.java:43)
	at java.lang.reflect.Method.invoke(Method.java:498)
	at org.mybatis.spring.SqlSessionTemplate$SqlSessionInterceptor.invoke(SqlSessionTemplate.java:427)
	... 32 common frames omitted
24-11-19.10:56:28.367 [org.springframework.amqp.rabbit.RabbitListenerEndpointContainer#1-1] INFO  CreditAdjustService    - 增加账户积分额度完成 userId:xiaofuge orderId:344662320100
24-11-19.10:56:28.703 [org.springframework.amqp.rabbit.RabbitListenerEndpointContainer#0-2] INFO  SimpleMessageListenerContainer - Waiting for workers to finish.
24-11-19.10:56:28.705 [org.springframework.amqp.rabbit.RabbitListenerEndpointContainer#1-2] INFO  SimpleMessageListenerContainer - Waiting for workers to finish.
24-11-19.10:56:28.706 [org.springframework.amqp.rabbit.RabbitListenerEndpointContainer#2-2] INFO  SimpleMessageListenerContainer - Waiting for workers to finish.
24-11-19.10:56:28.982 [org.springframework.amqp.rabbit.RabbitListenerEndpointContainer#2-2] INFO  SimpleMessageListenerContainer - Successfully waited for workers to finish.
24-11-19.10:56:28.982 [org.springframework.amqp.rabbit.RabbitListenerEndpointContainer#0-2] INFO  SimpleMessageListenerContainer - Successfully waited for workers to finish.
24-11-19.10:56:29.383 [org.springframework.amqp.rabbit.RabbitListenerEndpointContainer#1-2] INFO  SimpleMessageListenerContainer - Successfully waited for workers to finish.
24-11-19.10:56:29.386 [SpringApplicationShutdownHook] INFO  SimpleMessageListenerContainer - Shutdown ignored - container is already stopped
24-11-19.10:56:29.386 [SpringApplicationShutdownHook] INFO  SimpleMessageListenerContainer - Shutdown ignored - container is already stopped
24-11-19.10:56:29.386 [SpringApplicationShutdownHook] INFO  SimpleMessageListenerContainer - Shutdown ignored - container is already stopped
24-11-19.10:58:21.821 [main            ] INFO  RaffleActivityControllerTest - Starting RaffleActivityControllerTest using Java 1.8.0_181 on yangzihesLaptop with PID 4840 (started by yangz in D:\jdk8\big-market-231202-xfg-init-project\big-market-app)
24-11-19.10:58:21.823 [main            ] INFO  RaffleActivityControllerTest - The following 1 profile is active: "dev"
24-11-19.10:58:23.131 [main            ] INFO  RepositoryConfigurationDelegate - Multiple Spring Data modules found, entering strict repository configuration mode
24-11-19.10:58:23.135 [main            ] INFO  RepositoryConfigurationDelegate - Bootstrapping Spring Data Redis repositories in DEFAULT mode.
24-11-19.10:58:23.202 [main            ] INFO  RepositoryConfigurationDelegate - Finished Spring Data repository scanning in 50 ms. Found 0 Redis repository interfaces.
24-11-19.10:58:25.589 [main            ] INFO  Version                - Redisson 3.26.0
24-11-19.10:58:26.753 [redisson-netty-1-4] INFO  ConnectionsHolder      - 1 connections initialized for 127.0.0.1/127.0.0.1:16379
24-11-19.10:58:26.770 [redisson-netty-1-13] INFO  ConnectionsHolder      - 5 connections initialized for 127.0.0.1/127.0.0.1:16379
24-11-19.10:58:32.953 [main            ] INFO  EndpointLinksResolver  - Exposing 1 endpoint(s) beneath base path '/actuator'
24-11-19.10:58:33.050 [main            ] INFO  CachingConnectionFactory - Attempting to connect to: [127.0.0.1:5672]
24-11-19.10:58:33.120 [main            ] INFO  CachingConnectionFactory - Created new connection: rabbitConnectionFactory#55cb3b7:0/SimpleConnection@6c399d4 [delegate=amqp://admin@127.0.0.1:5672/, localPort= 54837]
24-11-19.10:58:33.230 [main            ] INFO  RaffleActivityControllerTest - Started RaffleActivityControllerTest in 11.956 seconds (JVM running for 13.113)
24-11-19.10:58:33.645 [main            ] INFO  HikariDataSource       - Retail_HikariCP - Starting...
24-11-19.10:58:33.905 [main            ] INFO  HikariDataSource       - Retail_HikariCP - Start completed.
24-11-19.10:58:34.041 [main            ] INFO  RaffleActivityControllerTest - 装配活动：true
24-11-19.10:58:34.042 [main            ] INFO  RaffleActivityController - 日历签到返利开始 userId:xiaofuge
24-11-19.10:58:34.061 [main            ] INFO  HikariDataSource       - Retail_HikariCP - Starting...
24-11-19.10:58:34.080 [main            ] INFO  HikariDataSource       - Retail_HikariCP - Start completed.
24-11-19.10:58:34.352 [main            ] INFO  EventPublisher         - 发送MQ消息 topic:send_rebate message:{"data":{"bizId":"xiaofuge_sku_20241119","rebateConfig":"9011","rebateType":"sku","userId":"xiaofuge"},"id":"43465362641","timestamp":1731985114054}
24-11-19.10:58:34.364 [org.springframework.amqp.rabbit.RabbitListenerEndpointContainer#1-1] INFO  RebateMessageCustomer  - 监听用户行为返利消息 topic: send_rebate message: {"data":{"bizId":"xiaofuge_sku_20241119","rebateConfig":"9011","rebateType":"sku","userId":"xiaofuge"},"id":"43465362641","timestamp":1731985114054}
24-11-19.10:58:34.373 [main            ] INFO  EventPublisher         - 发送MQ消息 topic:send_rebate message:{"data":{"bizId":"xiaofuge_integral_20241119","rebateConfig":"10","rebateType":"integral","userId":"xiaofuge"},"id":"46933305560","timestamp":1731985114058}
24-11-19.10:58:34.382 [main            ] INFO  RaffleActivityController - 日历签到返利完成 userId:xiaofuge orderIds: ["216536705401","933485588024"]
24-11-19.10:58:34.390 [main            ] INFO  RaffleActivityControllerTest - 测试结果：{"code":"0000","data":true,"info":"调用成功"}
24-11-19.10:59:08.342 [org.springframework.amqp.rabbit.RabbitListenerEndpointContainer#1-1] INFO  ActivityBaseActionChain - 活动责任链-基础信息【有效期、状态、库存(sku)】校验开始。sku:9011 activityId:100301
24-11-19.10:59:08.342 [org.springframework.amqp.rabbit.RabbitListenerEndpointContainer#1-1] INFO  ActivitySkuStockActionChain - 活动责任链-商品库存处理【有效期、状态、库存(sku)】开始。sku:9011 activityId:100301
24-11-19.10:59:08.353 [org.springframework.amqp.rabbit.RabbitListenerEndpointContainer#1-1] INFO  ActivitySkuStockActionChain - 活动责任链-商品库存处理【有效期、状态、库存(sku)】成功。sku:9011 activityId:100301
24-11-19.10:59:08.549 [org.springframework.amqp.rabbit.RabbitListenerEndpointContainer#1-1] INFO  ActivityRepository     - 订单成功写入---------
24-11-19.10:59:14.594 [org.springframework.amqp.rabbit.RabbitListenerEndpointContainer#1-1] INFO  RebateMessageCustomer  - 监听用户行为返利消息 topic: send_rebate message: {"data":{"bizId":"xiaofuge_integral_20241119","rebateConfig":"10","rebateType":"integral","userId":"xiaofuge"},"id":"46933305560","timestamp":1731985114058}
24-11-19.10:59:28.200 [org.springframework.amqp.rabbit.RabbitListenerEndpointContainer#1-1] INFO  CreditAdjustService    - 增加账户积分额度开始 userId:xiaofuge tradeName:REBATE amount:10
24-11-19.10:59:28.284 [org.springframework.amqp.rabbit.RabbitListenerEndpointContainer#1-1] INFO  CreditAdjustService    - 增加账户积分额度完成 userId:xiaofuge orderId:218926341284
24-11-19.11:01:01.681 [org.springframework.amqp.rabbit.RabbitListenerEndpointContainer#0-2] INFO  SimpleMessageListenerContainer - Waiting for workers to finish.
24-11-19.11:01:01.683 [org.springframework.amqp.rabbit.RabbitListenerEndpointContainer#1-2] INFO  SimpleMessageListenerContainer - Waiting for workers to finish.
24-11-19.11:01:01.684 [org.springframework.amqp.rabbit.RabbitListenerEndpointContainer#2-2] INFO  SimpleMessageListenerContainer - Waiting for workers to finish.
24-11-19.11:01:02.540 [org.springframework.amqp.rabbit.RabbitListenerEndpointContainer#2-2] INFO  SimpleMessageListenerContainer - Successfully waited for workers to finish.
24-11-19.11:01:02.540 [org.springframework.amqp.rabbit.RabbitListenerEndpointContainer#0-2] INFO  SimpleMessageListenerContainer - Successfully waited for workers to finish.
24-11-19.11:01:02.679 [org.springframework.amqp.rabbit.RabbitListenerEndpointContainer#1-2] INFO  SimpleMessageListenerContainer - Successfully waited for workers to finish.
24-11-19.11:01:02.683 [SpringApplicationShutdownHook] INFO  SimpleMessageListenerContainer - Shutdown ignored - container is already stopped
24-11-19.11:01:02.683 [SpringApplicationShutdownHook] INFO  SimpleMessageListenerContainer - Shutdown ignored - container is already stopped
24-11-19.11:01:02.684 [SpringApplicationShutdownHook] INFO  SimpleMessageListenerContainer - Shutdown ignored - container is already stopped
